Added Pin To Net: NetName=3V3_ESP Pin=C23-1
Added Pin To Net: NetName=3V3_ESP Pin=C24-2
Added Pin To Net: NetName=3V3_ESP Pin=C25-2
Added Pin To Net: NetName=3V3_ESP Pin=C29-1
Added Pin To Net: NetName=3V3_ESP Pin=CE5-1
Added Pin To Net: NetName=3V3_ESP Pin=P7-1
Added Pin To Net: NetName=3V3_ESP Pin=R28-1
Added Pin To Net: NetName=3V3_ESP Pin=R29-1
Added Pin To Net: NetName=3V3_ESP Pin=R30-1
Added Pin To Net: NetName=3V3_ESP Pin=U5-2
Added Pin To Net: NetName=3V3_ESP Pin=U5-4
Added Pin To Net: NetName=3V3_ESP Pin=U6-4
Added Pin To Net: NetName=3V3_ESP Pin=U6-16
Added Pin To Net: NetName=3V3_ESP Pin=U7-8
Added Net: Name=3V3_ESP
Added Pin To Net: NetName=3V3_STM Pin=Buzzer1-1
Added Pin To Net: NetName=3V3_STM Pin=C2-1
Added Pin To Net: NetName=3V3_STM Pin=C3-2
Added Pin To Net: NetName=3V3_STM Pin=C4-2
Added Pin To Net: NetName=3V3_STM Pin=C14-2
Added Pin To Net: NetName=3V3_STM Pin=C15-2
Added Pin To Net: NetName=3V3_STM Pin=C16-1
Added Pin To Net: NetName=3V3_STM Pin=C17-1
Added Pin To Net: NetName=3V3_STM Pin=C18-1
Added Pin To Net: NetName=3V3_STM Pin=C19-1
Added Pin To Net: NetName=3V3_STM Pin=C20-1
Added Pin To Net: NetName=3V3_STM Pin=C21-2
Added Pin To Net: NetName=3V3_STM Pin=CE2-1
Added Pin To Net: NetName=3V3_STM Pin=D2-2
Added Pin To Net: NetName=3V3_STM Pin=P3-1
Added Pin To Net: NetName=3V3_STM Pin=P4-1
Added Pin To Net: NetName=3V3_STM Pin=P5-1
Added Pin To Net: NetName=3V3_STM Pin=Q2-2
Added Pin To Net: NetName=3V3_STM Pin=R1-1
Added Pin To Net: NetName=3V3_STM Pin=R9-1
Added Pin To Net: NetName=3V3_STM Pin=R11-1
Added Pin To Net: NetName=3V3_STM Pin=R12-1
Added Pin To Net: NetName=3V3_STM Pin=R20-1
Added Pin To Net: NetName=3V3_STM Pin=R21-1
Added Pin To Net: NetName=3V3_STM Pin=R22-1
Added Pin To Net: NetName=3V3_STM Pin=T1-2
Added Pin To Net: NetName=3V3_STM Pin=U1-2
Added Pin To Net: NetName=3V3_STM Pin=U1-4
Added Pin To Net: NetName=3V3_STM Pin=U2-4
Added Pin To Net: NetName=3V3_STM Pin=U2-16
Added Pin To Net: NetName=3V3_STM Pin=U3-1
Added Pin To Net: NetName=3V3_STM Pin=U3-9
Added Pin To Net: NetName=3V3_STM Pin=U3-24
Added Pin To Net: NetName=3V3_STM Pin=U3-36
Added Pin To Net: NetName=3V3_STM Pin=U3-48
Added Pin To Net: NetName=3V3_STM Pin=U4-8
Added Net: Name=3V3_STM
Added Pin To Net: NetName=5V_ESP Pin=C26-1
Added Pin To Net: NetName=5V_ESP Pin=CE4-1
Added Pin To Net: NetName=5V_ESP Pin=P2-4
Added Pin To Net: NetName=5V_ESP Pin=U5-3
Added Net: Name=5V_ESP
Added Pin To Net: NetName=5V_STM Pin=CE1-1
Added Pin To Net: NetName=5V_STM Pin=P2-1
Added Pin To Net: NetName=5V_STM Pin=U1-3
Added Net: Name=5V_STM
Added Pin To Net: NetName=5V Pin=C6-2
Added Pin To Net: NetName=5V Pin=C11-2
Added Pin To Net: NetName=5V Pin=C12-2
Added Pin To Net: NetName=5V Pin=CE3-2
Added Pin To Net: NetName=5V Pin=IC1-8
Added Pin To Net: NetName=5V Pin=P2-2
Added Pin To Net: NetName=5V Pin=P2-3
Added Pin To Net: NetName=5V Pin=R6-1
Added Pin To Net: NetName=5V Pin=S1-3
Added Pin To Net: NetName=5V Pin=Sen1-4
Added Net: Name=5V
Added Pin To Net: NetName=A5 Pin=R4-2
Added Pin To Net: NetName=A5 Pin=USBC1-A5
Added Net: Name=A5
Added Pin To Net: NetName=A8 Pin=USBC1-A8
Added Net: Name=A8
Added Pin To Net: NetName=AO_MQ2 Pin=R13-1
Added Pin To Net: NetName=AO_MQ2 Pin=Sen1-1
Added Net: Name=AO_MQ2
Added Pin To Net: NetName=B5 Pin=R2-1
Added Pin To Net: NetName=B5 Pin=USBC1-B5
Added Net: Name=B5
Added Pin To Net: NetName=B8 Pin=USBC1-B8
Added Net: Name=B8
Added Pin To Net: NetName=BOOT0 Pin=R7-2
Added Pin To Net: NetName=BOOT0 Pin=R14-2
Added Pin To Net: NetName=BOOT0 Pin=U3-44
Added Net: Name=BOOT0
Added Pin To Net: NetName=BOOT1 Pin=R10-2
Added Pin To Net: NetName=BOOT1 Pin=U3-20
Added Net: Name=BOOT1
Added Pin To Net: NetName=D+ Pin=U2-5
Added Pin To Net: NetName=D+ Pin=U6-5
Added Pin To Net: NetName=D+ Pin=USBC1-A6
Added Pin To Net: NetName=D+ Pin=USBC1-B6
Added Net: Name=D+
Added Pin To Net: NetName=D- Pin=U2-6
Added Pin To Net: NetName=D- Pin=U6-6
Added Pin To Net: NetName=D- Pin=USBC1-A7
Added Pin To Net: NetName=D- Pin=USBC1-B7
Added Net: Name=D-
Added Pin To Net: NetName=DTR_ESP Pin=Q4-2
Added Pin To Net: NetName=DTR_ESP Pin=R26-2
Added Pin To Net: NetName=DTR_ESP Pin=U6-13
Added Net: Name=DTR_ESP
Added Pin To Net: NetName=DTR_STM Pin=R3-1
Added Pin To Net: NetName=DTR_STM Pin=U2-13
Added Net: Name=DTR_STM
Added Pin To Net: NetName=EN Pin=C27-1
Added Pin To Net: NetName=EN Pin=Q5-3
Added Pin To Net: NetName=EN Pin=R28-2
Added Pin To Net: NetName=EN Pin=U7-3
Added Net: Name=EN
Added Pin To Net: NetName=GND Pin=Button1-4
Added Pin To Net: NetName=GND Pin=Button2-4
Added Pin To Net: NetName=GND Pin=Button3-4
Added Pin To Net: NetName=GND Pin=C1-1
Added Pin To Net: NetName=GND Pin=C2-2
Added Pin To Net: NetName=GND Pin=C3-1
Added Pin To Net: NetName=GND Pin=C4-1
Added Pin To Net: NetName=GND Pin=C5-2
Added Pin To Net: NetName=GND Pin=C6-1
Added Pin To Net: NetName=GND Pin=C7-2
Added Pin To Net: NetName=GND Pin=C8-2
Added Pin To Net: NetName=GND Pin=C9-2
Added Pin To Net: NetName=GND Pin=C10-2
Added Pin To Net: NetName=GND Pin=C11-1
Added Pin To Net: NetName=GND Pin=C12-1
Added Pin To Net: NetName=GND Pin=C14-1
Added Pin To Net: NetName=GND Pin=C15-1
Added Pin To Net: NetName=GND Pin=C16-2
Added Pin To Net: NetName=GND Pin=C17-2
Added Pin To Net: NetName=GND Pin=C18-2
Added Pin To Net: NetName=GND Pin=C19-2
Added Pin To Net: NetName=GND Pin=C20-2
Added Pin To Net: NetName=GND Pin=C21-1
Added Pin To Net: NetName=GND Pin=C22-2
Added Pin To Net: NetName=GND Pin=C23-2
Added Pin To Net: NetName=GND Pin=C24-1
Added Pin To Net: NetName=GND Pin=C25-1
Added Pin To Net: NetName=GND Pin=C26-2
Added Pin To Net: NetName=GND Pin=C27-2
Added Pin To Net: NetName=GND Pin=C28-2
Added Pin To Net: NetName=GND Pin=C29-2
Added Pin To Net: NetName=GND Pin=CE1-2
Added Pin To Net: NetName=GND Pin=CE2-2
Added Pin To Net: NetName=GND Pin=CE3-1
Added Pin To Net: NetName=GND Pin=CE4-2
Added Pin To Net: NetName=GND Pin=CE5-2
Added Pin To Net: NetName=GND Pin=IC1-4
Added Pin To Net: NetName=GND Pin=LED1-2
Added Pin To Net: NetName=GND Pin=LED2-2
Added Pin To Net: NetName=GND Pin=LED3-2
Added Pin To Net: NetName=GND Pin=P1-2
Added Pin To Net: NetName=GND Pin=P3-3
Added Pin To Net: NetName=GND Pin=P4-2
Added Pin To Net: NetName=GND Pin=P5-3
Added Pin To Net: NetName=GND Pin=P7-3
Added Pin To Net: NetName=GND Pin=Q3-2
Added Pin To Net: NetName=GND Pin=R2-2
Added Pin To Net: NetName=GND Pin=R4-1
Added Pin To Net: NetName=GND Pin=R16-2
Added Pin To Net: NetName=GND Pin=R24-2
Added Pin To Net: NetName=GND Pin=R31-1
Added Pin To Net: NetName=GND Pin=Sen1-3
Added Pin To Net: NetName=GND Pin=SW1-2
Added Pin To Net: NetName=GND Pin=SW2-2
Added Pin To Net: NetName=GND Pin=T1-1
Added Pin To Net: NetName=GND Pin=U1-1
Added Pin To Net: NetName=GND Pin=U2-1
Added Pin To Net: NetName=GND Pin=U3-8
Added Pin To Net: NetName=GND Pin=U3-23
Added Pin To Net: NetName=GND Pin=U3-35
Added Pin To Net: NetName=GND Pin=U3-47
Added Pin To Net: NetName=GND Pin=U4-1
Added Pin To Net: NetName=GND Pin=U4-2
Added Pin To Net: NetName=GND Pin=U4-3
Added Pin To Net: NetName=GND Pin=U4-4
Added Pin To Net: NetName=GND Pin=U4-7
Added Pin To Net: NetName=GND Pin=U5-1
Added Pin To Net: NetName=GND Pin=U6-1
Added Pin To Net: NetName=GND Pin=U7-9
Added Pin To Net: NetName=GND Pin=USBC1-A1
Added Pin To Net: NetName=GND Pin=USBC1-A12
Added Pin To Net: NetName=GND Pin=USBC1-B1
Added Pin To Net: NetName=GND Pin=USBC1-B12
Added Net: Name=GND
Added Pin To Net: NetName=GPIO0 Pin=Q4-3
Added Pin To Net: NetName=GPIO0 Pin=R27-1
Added Pin To Net: NetName=GPIO0 Pin=U7-12
Added Net: Name=GPIO0
Added Pin To Net: NetName=GPIO2 Pin=R29-2
Added Pin To Net: NetName=GPIO2 Pin=U7-11
Added Net: Name=GPIO2
Added Pin To Net: NetName=GPIO15 Pin=R31-2
Added Pin To Net: NetName=GPIO15 Pin=U7-10
Added Net: Name=GPIO15
Added Pin To Net: NetName=NetButton1_2 Pin=Button1-2
Added Pin To Net: NetName=NetButton1_2 Pin=R9-2
Added Net: Name=NetButton1_2
Added Pin To Net: NetName=NetButton2_2 Pin=Button2-2
Added Pin To Net: NetName=NetButton2_2 Pin=R11-2
Added Net: Name=NetButton2_2
Added Pin To Net: NetName=NetButton3_2 Pin=Button3-2
Added Pin To Net: NetName=NetButton3_2 Pin=R12-2
Added Net: Name=NetButton3_2
Added Pin To Net: NetName=NetBuzzer1_2 Pin=Buzzer1-2
Added Pin To Net: NetName=NetBuzzer1_2 Pin=D2-1
Added Pin To Net: NetName=NetBuzzer1_2 Pin=Q3-3
Added Net: Name=NetBuzzer1_2
Added Pin To Net: NetName=NetC13_2 Pin=C13-2
Added Pin To Net: NetName=NetC13_2 Pin=IC1-2
Added Pin To Net: NetName=NetC13_2 Pin=R17-2
Added Net: Name=NetC13_2
Added Pin To Net: NetName=NetD1_2 Pin=D1-2
Added Pin To Net: NetName=NetD1_2 Pin=Q1-3
Added Pin To Net: NetName=NetD1_2 Pin=R1-2
Added Net: Name=NetD1_2
Added Pin To Net: NetName=NetIC1_3 Pin=IC1-3
Added Pin To Net: NetName=NetIC1_3 Pin=R15-1
Added Net: Name=NetIC1_3
Added Pin To Net: NetName=NetLED1_1 Pin=LED1-1
Added Pin To Net: NetName=NetLED1_1 Pin=R6-2
Added Net: Name=NetLED1_1
Added Pin To Net: NetName=NetLED2_1 Pin=LED2-1
Added Pin To Net: NetName=NetLED2_1 Pin=R18-2
Added Net: Name=NetLED2_1
Added Pin To Net: NetName=NetLED3_1 Pin=LED3-1
Added Pin To Net: NetName=NetLED3_1 Pin=R19-2
Added Net: Name=NetLED3_1
Added Pin To Net: NetName=NetP3_2 Pin=P3-2
Added Pin To Net: NetName=NetP3_2 Pin=R10-1
Added Net: Name=NetP3_2
Added Pin To Net: NetName=NetP5_2 Pin=P5-2
Added Pin To Net: NetName=NetP5_2 Pin=R14-1
Added Net: Name=NetP5_2
Added Pin To Net: NetName=NetP7_2 Pin=P7-2
Added Pin To Net: NetName=NetP7_2 Pin=R27-2
Added Net: Name=NetP7_2
Added Pin To Net: NetName=NetQ1_1 Pin=Q1-1
Added Pin To Net: NetName=NetQ1_1 Pin=R3-2
Added Net: Name=NetQ1_1
Added Pin To Net: NetName=NetQ2_1 Pin=Q2-1
Added Pin To Net: NetName=NetQ2_1 Pin=R5-2
Added Net: Name=NetQ2_1
Added Pin To Net: NetName=NetQ2_3 Pin=Q2-3
Added Pin To Net: NetName=NetQ2_3 Pin=R7-1
Added Net: Name=NetQ2_3
Added Pin To Net: NetName=NetQ3_1 Pin=Q3-1
Added Pin To Net: NetName=NetQ3_1 Pin=R23-2
Added Pin To Net: NetName=NetQ3_1 Pin=R24-1
Added Net: Name=NetQ3_1
Added Pin To Net: NetName=NetQ4_1 Pin=Q4-1
Added Pin To Net: NetName=NetQ4_1 Pin=R25-1
Added Net: Name=NetQ4_1
Added Pin To Net: NetName=NetQ5_1 Pin=Q5-1
Added Pin To Net: NetName=NetQ5_1 Pin=R26-1
Added Net: Name=NetQ5_1
Added Pin To Net: NetName=NetR13_2 Pin=R13-2
Added Pin To Net: NetName=NetR13_2 Pin=R15-2
Added Pin To Net: NetName=NetR13_2 Pin=R16-1
Added Net: Name=NetR13_2
Added Pin To Net: NetName=OSC32IN Pin=C9-1
Added Pin To Net: NetName=OSC32IN Pin=U3-3
Added Pin To Net: NetName=OSC32IN Pin=X1-1
Added Net: Name=OSC32IN
Added Pin To Net: NetName=OSC32OUT Pin=C10-1
Added Pin To Net: NetName=OSC32OUT Pin=U3-4
Added Pin To Net: NetName=OSC32OUT Pin=X1-4
Added Net: Name=OSC32OUT
Added Pin To Net: NetName=OSCIN Pin=C7-1
Added Pin To Net: NetName=OSCIN Pin=R8-2
Added Pin To Net: NetName=OSCIN Pin=U3-5
Added Pin To Net: NetName=OSCIN Pin=X2-1
Added Net: Name=OSCIN
Added Pin To Net: NetName=OSCOUT Pin=C8-1
Added Pin To Net: NetName=OSCOUT Pin=R8-1
Added Pin To Net: NetName=OSCOUT Pin=U3-6
Added Pin To Net: NetName=OSCOUT Pin=X2-2
Added Net: Name=OSCOUT
Added Pin To Net: NetName=PA1 Pin=C13-1
Added Pin To Net: NetName=PA1 Pin=IC1-1
Added Pin To Net: NetName=PA1 Pin=R17-1
Added Pin To Net: NetName=PA1 Pin=U3-11
Added Net: Name=PA1
Added Pin To Net: NetName=PA2 Pin=R23-1
Added Pin To Net: NetName=PA2 Pin=U3-12
Added Net: Name=PA2
Added Pin To Net: NetName=PA9 Pin=P6-1
Added Pin To Net: NetName=PA9 Pin=U2-3
Added Pin To Net: NetName=PA9 Pin=U3-30
Added Net: Name=PA9
Added Pin To Net: NetName=PA10 Pin=P6-3
Added Pin To Net: NetName=PA10 Pin=U2-2
Added Pin To Net: NetName=PA10 Pin=U3-31
Added Net: Name=PA10
Added Pin To Net: NetName=PA11 Pin=R18-1
Added Pin To Net: NetName=PA11 Pin=U3-32
Added Net: Name=PA11
Added Pin To Net: NetName=PA12 Pin=R19-1
Added Pin To Net: NetName=PA12 Pin=U3-33
Added Net: Name=PA12
Added Pin To Net: NetName=PB0 Pin=Button1-1
Added Pin To Net: NetName=PB0 Pin=P4-5
Added Pin To Net: NetName=PB0 Pin=U3-18
Added Net: Name=PB0
Added Pin To Net: NetName=PB1 Pin=Button2-1
Added Pin To Net: NetName=PB1 Pin=P4-4
Added Pin To Net: NetName=PB1 Pin=U3-19
Added Net: Name=PB1
Added Pin To Net: NetName=PB5 Pin=T1-5
Added Pin To Net: NetName=PB5 Pin=U3-41
Added Net: Name=PB5
Added Pin To Net: NetName=PB6 Pin=R21-2
Added Pin To Net: NetName=PB6 Pin=U3-42
Added Pin To Net: NetName=PB6 Pin=U4-6
Added Net: Name=PB6
Added Pin To Net: NetName=PB7 Pin=R22-2
Added Pin To Net: NetName=PB7 Pin=U3-43
Added Pin To Net: NetName=PB7 Pin=U4-5
Added Net: Name=PB7
Added Pin To Net: NetName=PB8 Pin=T1-6
Added Pin To Net: NetName=PB8 Pin=U3-45
Added Net: Name=PB8
Added Pin To Net: NetName=PB9 Pin=T1-8
Added Pin To Net: NetName=PB9 Pin=U3-46
Added Net: Name=PB9
Added Pin To Net: NetName=PB10 Pin=Button3-1
Added Pin To Net: NetName=PB10 Pin=P4-3
Added Pin To Net: NetName=PB10 Pin=U3-21
Added Net: Name=PB10
Added Pin To Net: NetName=PB12 Pin=T1-7
Added Pin To Net: NetName=PB12 Pin=U3-25
Added Net: Name=PB12
Added Pin To Net: NetName=PB13 Pin=T1-3
Added Pin To Net: NetName=PB13 Pin=U3-26
Added Net: Name=PB13
Added Pin To Net: NetName=PB15 Pin=T1-4
Added Pin To Net: NetName=PB15 Pin=U3-28
Added Net: Name=PB15
Added Pin To Net: NetName=RESET_ESP Pin=C28-1
Added Pin To Net: NetName=RESET_ESP Pin=R30-2
Added Pin To Net: NetName=RESET_ESP Pin=SW2-1
Added Pin To Net: NetName=RESET_ESP Pin=U7-1
Added Net: Name=RESET_ESP
Added Pin To Net: NetName=RESET_STM Pin=C1-2
Added Pin To Net: NetName=RESET_STM Pin=C22-1
Added Pin To Net: NetName=RESET_STM Pin=D1-1
Added Pin To Net: NetName=RESET_STM Pin=R20-2
Added Pin To Net: NetName=RESET_STM Pin=SW1-1
Added Pin To Net: NetName=RESET_STM Pin=U3-7
Added Net: Name=RESET_STM
Added Pin To Net: NetName=RTS_ESP Pin=Q5-2
Added Pin To Net: NetName=RTS_ESP Pin=R25-2
Added Pin To Net: NetName=RTS_ESP Pin=U6-14
Added Net: Name=RTS_ESP
Added Pin To Net: NetName=RTS_STM Pin=Q1-2
Added Pin To Net: NetName=RTS_STM Pin=R5-1
Added Pin To Net: NetName=RTS_STM Pin=U2-14
Added Net: Name=RTS_STM
Added Pin To Net: NetName=RXD0 Pin=P6-2
Added Pin To Net: NetName=RXD0 Pin=U6-2
Added Pin To Net: NetName=RXD0 Pin=U7-15
Added Net: Name=RXD0
Added Pin To Net: NetName=TXD0 Pin=P6-4
Added Pin To Net: NetName=TXD0 Pin=U6-3
Added Pin To Net: NetName=TXD0 Pin=U7-16
Added Net: Name=TXD0
Added Pin To Net: NetName=VCC Pin=P1-1
Added Pin To Net: NetName=VCC Pin=S1-1
Added Pin To Net: NetName=VCC Pin=S1-2
Added Pin To Net: NetName=VCC Pin=USBC1-A4
Added Pin To Net: NetName=VCC Pin=USBC1-A9
Added Pin To Net: NetName=VCC Pin=USBC1-B4
Added Pin To Net: NetName=VCC Pin=USBC1-B9
Added Net: Name=VCC
Added Class: Name=BiSheA
Added Class: Name=BiSheB
