Added Component: Designator=Button1(Button)
Added Component: Designator=Button2(Button)
Added Component: Designator=Button3(Button)
Added Component: Designator=Buzzer1(Buzzer_Mini)
Added Component: Designator=C1(C 0805_L)
Add component (AddParameter): Name = "BOM名称"; Value = "无极性贴片电容"; VariantName = "[No Variations]"
Add component (AddParameter): Name = "唯一出售店铺网址"; Value = "https://shop463601444.taobao.com"; VariantName = "[No Variations]"
Add component (AddParameter): Name = "淘宝ID"; Value = "封装库来自淘宝 ID：黄晶宝石"; VariantName = "[No Variations]"
Add component (AddParameter): Name = "联系售后，技术支持"; Value = "https://shop463601444.taobao.com"; VariantName = "[No Variations]"
Added Component: Designator=C2(C 0805_L)
Add component (AddParameter): Name = "BOM名称"; Value = "无极性贴片电容"; VariantName = "[No Variations]"
Add component (AddParameter): Name = "唯一出售店铺网址"; Value = "https://shop463601444.taobao.com"; VariantName = "[No Variations]"
Add component (AddParameter): Name = "淘宝ID"; Value = "封装库来自淘宝 ID：黄晶宝石"; VariantName = "[No Variations]"
Add component (AddParameter): Name = "联系售后，技术支持"; Value = "https://shop463601444.taobao.com"; VariantName = "[No Variations]"
Added Component: Designator=C3(C 0805_L)
Add component (AddParameter): Name = "BOM名称"; Value = "无极性贴片电容"; VariantName = "[No Variations]"
Add component (AddParameter): Name = "唯一出售店铺网址"; Value = "https://shop463601444.taobao.com"; VariantName = "[No Variations]"
Add component (AddParameter): Name = "淘宝ID"; Value = "封装库来自淘宝 ID：黄晶宝石"; VariantName = "[No Variations]"
Add component (AddParameter): Name = "联系售后，技术支持"; Value = "https://shop463601444.taobao.com"; VariantName = "[No Variations]"
Added Component: Designator=C4(C 0805_L)
Add component (AddParameter): Name = "BOM名称"; Value = "无极性贴片电容"; VariantName = "[No Variations]"
Add component (AddParameter): Name = "唯一出售店铺网址"; Value = "https://shop463601444.taobao.com"; VariantName = "[No Variations]"
Add component (AddParameter): Name = "淘宝ID"; Value = "封装库来自淘宝 ID：黄晶宝石"; VariantName = "[No Variations]"
Add component (AddParameter): Name = "联系售后，技术支持"; Value = "https://shop463601444.taobao.com"; VariantName = "[No Variations]"
Added Component: Designator=C5(C 0805_L)
Add component (AddParameter): Name = "BOM名称"; Value = "无极性贴片电容"; VariantName = "[No Variations]"
Add component (AddParameter): Name = "唯一出售店铺网址"; Value = "https://shop463601444.taobao.com"; VariantName = "[No Variations]"
Add component (AddParameter): Name = "淘宝ID"; Value = "封装库来自淘宝 ID：黄晶宝石"; VariantName = "[No Variations]"
Add component (AddParameter): Name = "联系售后，技术支持"; Value = "https://shop463601444.taobao.com"; VariantName = "[No Variations]"
Added Component: Designator=C6(C 0805_L)
Add component (AddParameter): Name = "BOM名称"; Value = "无极性贴片电容"; VariantName = "[No Variations]"
Add component (AddParameter): Name = "唯一出售店铺网址"; Value = "https://shop463601444.taobao.com"; VariantName = "[No Variations]"
Add component (AddParameter): Name = "淘宝ID"; Value = "封装库来自淘宝 ID：黄晶宝石"; VariantName = "[No Variations]"
Add component (AddParameter): Name = "联系售后，技术支持"; Value = "https://shop463601444.taobao.com"; VariantName = "[No Variations]"
Added Component: Designator=C7(C 0805_L)
Add component (AddParameter): Name = "BOM名称"; Value = "无极性贴片电容"; VariantName = "[No Variations]"
Add component (AddParameter): Name = "唯一出售店铺网址"; Value = "https://shop463601444.taobao.com"; VariantName = "[No Variations]"
Add component (AddParameter): Name = "淘宝ID"; Value = "封装库来自淘宝 ID：黄晶宝石"; VariantName = "[No Variations]"
Add component (AddParameter): Name = "联系售后，技术支持"; Value = "https://shop463601444.taobao.com"; VariantName = "[No Variations]"
Added Component: Designator=C8(C 0805_L)
Add component (AddParameter): Name = "BOM名称"; Value = "无极性贴片电容"; VariantName = "[No Variations]"
Add component (AddParameter): Name = "唯一出售店铺网址"; Value = "https://shop463601444.taobao.com"; VariantName = "[No Variations]"
Add component (AddParameter): Name = "淘宝ID"; Value = "封装库来自淘宝 ID：黄晶宝石"; VariantName = "[No Variations]"
Add component (AddParameter): Name = "联系售后，技术支持"; Value = "https://shop463601444.taobao.com"; VariantName = "[No Variations]"
Added Component: Designator=C9(C 0805_L)
Add component (AddParameter): Name = "BOM名称"; Value = "无极性贴片电容"; VariantName = "[No Variations]"
Add component (AddParameter): Name = "唯一出售店铺网址"; Value = "https://shop463601444.taobao.com"; VariantName = "[No Variations]"
Add component (AddParameter): Name = "淘宝ID"; Value = "封装库来自淘宝 ID：黄晶宝石"; VariantName = "[No Variations]"
Add component (AddParameter): Name = "联系售后，技术支持"; Value = "https://shop463601444.taobao.com"; VariantName = "[No Variations]"
Added Component: Designator=C10(C 0805_L)
Add component (AddParameter): Name = "BOM名称"; Value = "无极性贴片电容"; VariantName = "[No Variations]"
Add component (AddParameter): Name = "唯一出售店铺网址"; Value = "https://shop463601444.taobao.com"; VariantName = "[No Variations]"
Add component (AddParameter): Name = "淘宝ID"; Value = "封装库来自淘宝 ID：黄晶宝石"; VariantName = "[No Variations]"
Add component (AddParameter): Name = "联系售后，技术支持"; Value = "https://shop463601444.taobao.com"; VariantName = "[No Variations]"
Added Component: Designator=C11(C 0805_L)
Add component (AddParameter): Name = "BOM名称"; Value = "无极性贴片电容"; VariantName = "[No Variations]"
Add component (AddParameter): Name = "唯一出售店铺网址"; Value = "https://shop463601444.taobao.com"; VariantName = "[No Variations]"
Add component (AddParameter): Name = "淘宝ID"; Value = "封装库来自淘宝 ID：黄晶宝石"; VariantName = "[No Variations]"
Add component (AddParameter): Name = "联系售后，技术支持"; Value = "https://shop463601444.taobao.com"; VariantName = "[No Variations]"
Added Component: Designator=C12(C 0805_L)
Add component (AddParameter): Name = "BOM名称"; Value = "无极性贴片电容"; VariantName = "[No Variations]"
Add component (AddParameter): Name = "唯一出售店铺网址"; Value = "https://shop463601444.taobao.com"; VariantName = "[No Variations]"
Add component (AddParameter): Name = "淘宝ID"; Value = "封装库来自淘宝 ID：黄晶宝石"; VariantName = "[No Variations]"
Add component (AddParameter): Name = "联系售后，技术支持"; Value = "https://shop463601444.taobao.com"; VariantName = "[No Variations]"
Added Component: Designator=C13(C 0805_L)
Add component (AddParameter): Name = "BOM名称"; Value = "无极性贴片电容"; VariantName = "[No Variations]"
Add component (AddParameter): Name = "唯一出售店铺网址"; Value = "https://shop463601444.taobao.com"; VariantName = "[No Variations]"
Add component (AddParameter): Name = "淘宝ID"; Value = "封装库来自淘宝 ID：黄晶宝石"; VariantName = "[No Variations]"
Add component (AddParameter): Name = "联系售后，技术支持"; Value = "https://shop463601444.taobao.com"; VariantName = "[No Variations]"
Added Component: Designator=C14(C 0805_L)
Add component (AddParameter): Name = "BOM名称"; Value = "无极性贴片电容"; VariantName = "[No Variations]"
Add component (AddParameter): Name = "唯一出售店铺网址"; Value = "https://shop463601444.taobao.com"; VariantName = "[No Variations]"
Add component (AddParameter): Name = "淘宝ID"; Value = "封装库来自淘宝 ID：黄晶宝石"; VariantName = "[No Variations]"
Add component (AddParameter): Name = "联系售后，技术支持"; Value = "https://shop463601444.taobao.com"; VariantName = "[No Variations]"
Added Component: Designator=C15(C 0805_L)
Add component (AddParameter): Name = "BOM名称"; Value = "无极性贴片电容"; VariantName = "[No Variations]"
Add component (AddParameter): Name = "唯一出售店铺网址"; Value = "https://shop463601444.taobao.com"; VariantName = "[No Variations]"
Add component (AddParameter): Name = "淘宝ID"; Value = "封装库来自淘宝 ID：黄晶宝石"; VariantName = "[No Variations]"
Add component (AddParameter): Name = "联系售后，技术支持"; Value = "https://shop463601444.taobao.com"; VariantName = "[No Variations]"
Added Component: Designator=C16(C 0805_L)
Add component (AddParameter): Name = "BOM名称"; Value = "无极性贴片电容"; VariantName = "[No Variations]"
Add component (AddParameter): Name = "唯一出售店铺网址"; Value = "https://shop463601444.taobao.com"; VariantName = "[No Variations]"
Add component (AddParameter): Name = "淘宝ID"; Value = "封装库来自淘宝 ID：黄晶宝石"; VariantName = "[No Variations]"
Add component (AddParameter): Name = "联系售后，技术支持"; Value = "https://shop463601444.taobao.com"; VariantName = "[No Variations]"
Added Component: Designator=C17(C 0805_L)
Add component (AddParameter): Name = "BOM名称"; Value = "无极性贴片电容"; VariantName = "[No Variations]"
Add component (AddParameter): Name = "唯一出售店铺网址"; Value = "https://shop463601444.taobao.com"; VariantName = "[No Variations]"
Add component (AddParameter): Name = "淘宝ID"; Value = "封装库来自淘宝 ID：黄晶宝石"; VariantName = "[No Variations]"
Add component (AddParameter): Name = "联系售后，技术支持"; Value = "https://shop463601444.taobao.com"; VariantName = "[No Variations]"
Added Component: Designator=C18(C 0805_L)
Add component (AddParameter): Name = "BOM名称"; Value = "无极性贴片电容"; VariantName = "[No Variations]"
Add component (AddParameter): Name = "唯一出售店铺网址"; Value = "https://shop463601444.taobao.com"; VariantName = "[No Variations]"
Add component (AddParameter): Name = "淘宝ID"; Value = "封装库来自淘宝 ID：黄晶宝石"; VariantName = "[No Variations]"
Add component (AddParameter): Name = "联系售后，技术支持"; Value = "https://shop463601444.taobao.com"; VariantName = "[No Variations]"
Added Component: Designator=C19(C 0805_L)
Add component (AddParameter): Name = "BOM名称"; Value = "无极性贴片电容"; VariantName = "[No Variations]"
Add component (AddParameter): Name = "唯一出售店铺网址"; Value = "https://shop463601444.taobao.com"; VariantName = "[No Variations]"
Add component (AddParameter): Name = "淘宝ID"; Value = "封装库来自淘宝 ID：黄晶宝石"; VariantName = "[No Variations]"
Add component (AddParameter): Name = "联系售后，技术支持"; Value = "https://shop463601444.taobao.com"; VariantName = "[No Variations]"
Added Component: Designator=C20(C 0805_L)
Add component (AddParameter): Name = "BOM名称"; Value = "无极性贴片电容"; VariantName = "[No Variations]"
Add component (AddParameter): Name = "唯一出售店铺网址"; Value = "https://shop463601444.taobao.com"; VariantName = "[No Variations]"
Add component (AddParameter): Name = "淘宝ID"; Value = "封装库来自淘宝 ID：黄晶宝石"; VariantName = "[No Variations]"
Add component (AddParameter): Name = "联系售后，技术支持"; Value = "https://shop463601444.taobao.com"; VariantName = "[No Variations]"
Added Component: Designator=C21(C 0805_L)
Add component (AddParameter): Name = "BOM名称"; Value = "无极性贴片电容"; VariantName = "[No Variations]"
Add component (AddParameter): Name = "唯一出售店铺网址"; Value = "https://shop463601444.taobao.com"; VariantName = "[No Variations]"
Add component (AddParameter): Name = "淘宝ID"; Value = "封装库来自淘宝 ID：黄晶宝石"; VariantName = "[No Variations]"
Add component (AddParameter): Name = "联系售后，技术支持"; Value = "https://shop463601444.taobao.com"; VariantName = "[No Variations]"
Added Component: Designator=C22(C 0805_L)
Add component (AddParameter): Name = "BOM名称"; Value = "无极性贴片电容"; VariantName = "[No Variations]"
Add component (AddParameter): Name = "唯一出售店铺网址"; Value = "https://shop463601444.taobao.com"; VariantName = "[No Variations]"
Add component (AddParameter): Name = "淘宝ID"; Value = "封装库来自淘宝 ID：黄晶宝石"; VariantName = "[No Variations]"
Add component (AddParameter): Name = "联系售后，技术支持"; Value = "https://shop463601444.taobao.com"; VariantName = "[No Variations]"
Added Component: Designator=CE1(CAP 1.5*4*8)
Add component (AddParameter): Name = "BOM名称"; Value = "直插电解电容"; VariantName = "[No Variations]"
Add component (AddParameter): Name = "淘宝ID"; Value = "封装库来自淘宝 ID：黄晶宝石"; VariantName = "[No Variations]"
Add component (AddParameter): Name = "联系售后"; Value = "https://item.taobao.com/item.htm?id=566775463719"; VariantName = "[No Variations]"
Added Component: Designator=CE2(CAP 1.5*4*8)
Add component (AddParameter): Name = "BOM名称"; Value = "直插电解电容"; VariantName = "[No Variations]"
Add component (AddParameter): Name = "淘宝ID"; Value = "封装库来自淘宝 ID：黄晶宝石"; VariantName = "[No Variations]"
Add component (AddParameter): Name = "联系售后"; Value = "https://item.taobao.com/item.htm?id=566775463719"; VariantName = "[No Variations]"
Added Component: Designator=D1(SOD-123)
Add component (AddParameter): Name = "BOM名称"; Value = "高速开关二极管"; VariantName = "[No Variations]"
Add component (AddParameter): Name = "淘宝ID"; Value = "封装库来自淘宝 ID：黄晶宝石"; VariantName = "[No Variations]"
Added Component: Designator=D2(SOD-123)
Add component (AddParameter): Name = "BOM名称"; Value = "高速开关二极管"; VariantName = "[No Variations]"
Add component (AddParameter): Name = "淘宝ID"; Value = "封装库来自淘宝 ID：黄晶宝石"; VariantName = "[No Variations]"
Added Component: Designator=IC1(SOP8_N)
Add component (AddParameter): Name = "BOM名称"; Value = "双路运放"; VariantName = "[No Variations]"
Add component (AddParameter): Name = "学习资源"; Value = "最新版本发布https://item.taobao.com/item.htm?id=566775463719"; VariantName = "[No Variations]"
Added Component: Designator=LED1(LED 5MM-B)
Add component (AddParameter): Name = "BOM名称"; Value = "5mm插件LED"; VariantName = "[No Variations]"
Add component (AddParameter): Name = "学习资源"; Value = "https://item.taobao.com/item.htm?id=566775463719"; VariantName = "[No Variations]"
Add component (AddParameter): Name = "版权归属"; Value = "封装库来自淘宝 ID：黄晶宝石"; VariantName = "[No Variations]"
Added Component: Designator=LED2(LED 5MM-B)
Add component (AddParameter): Name = "BOM名称"; Value = "5mm插件LED"; VariantName = "[No Variations]"
Add component (AddParameter): Name = "学习资源"; Value = "https://item.taobao.com/item.htm?id=566775463719"; VariantName = "[No Variations]"
Add component (AddParameter): Name = "版权归属"; Value = "封装库来自淘宝 ID：黄晶宝石"; VariantName = "[No Variations]"
Added Component: Designator=LED3(LED 5MM-B)
Add component (AddParameter): Name = "BOM名称"; Value = "5mm插件LED"; VariantName = "[No Variations]"
Add component (AddParameter): Name = "学习资源"; Value = "https://item.taobao.com/item.htm?id=566775463719"; VariantName = "[No Variations]"
Add component (AddParameter): Name = "版权归属"; Value = "封装库来自淘宝 ID：黄晶宝石"; VariantName = "[No Variations]"
Added Component: Designator=P1(3Pin)
Added Component: Designator=P2(3Pin)
Added Component: Designator=P3(5pin)
Added Component: Designator=Q1(SOT23-3N)
Add component (AddParameter): Name = "BOM名称"; Value = "高频放大-NPN型"; VariantName = "[No Variations]"
Add component (AddParameter): Name = "属性"; Value = "40V 1.5A 1W 100MHZ"; VariantName = "[No Variations]"
Add component (AddParameter): Name = "版权归属"; Value = "封装库来自淘宝 ID：黄晶宝石"; VariantName = "[No Variations]"
Add component (AddParameter): Name = "联系售后"; Value = "最新版本发布https://item.taobao.com/item.htm?id=566775463719"; VariantName = "[No Variations]"
Added Component: Designator=Q2(SOT23-3N)
Add component (AddParameter): Name = "BOM名称"; Value = "高频放大-NPN型"; VariantName = "[No Variations]"
Add component (AddParameter): Name = "属性"; Value = "40V 1.5A 1W 100MHZ"; VariantName = "[No Variations]"
Add component (AddParameter): Name = "版权归属"; Value = "封装库来自淘宝 ID：黄晶宝石"; VariantName = "[No Variations]"
Add component (AddParameter): Name = "联系售后"; Value = "最新版本发布https://item.taobao.com/item.htm?id=566775463719"; VariantName = "[No Variations]"
Added Component: Designator=Q3(SOT23-3N)
Add component (AddParameter): Name = "BOM名称"; Value = "高频放大-PNP型"; VariantName = "[No Variations]"
Add component (AddParameter): Name = "学习资源"; Value = "最新版本发布https://item.taobao.com/item.htm?id=566775463719"; VariantName = "[No Variations]"
Add component (AddParameter): Name = "属性"; Value = "40V 1.5A 1W 100MHZ"; VariantName = "[No Variations]"
Add component (AddParameter): Name = "版权归属"; Value = "封装库来自淘宝 ID：黄晶宝石"; VariantName = "[No Variations]"
Added Component: Designator=Q4(SOT23-3N)
Add component (AddParameter): Name = "BOM名称"; Value = "高频放大-NPN型"; VariantName = "[No Variations]"
Add component (AddParameter): Name = "属性"; Value = "40V 1.5A 1W 100MHZ"; VariantName = "[No Variations]"
Add component (AddParameter): Name = "版权归属"; Value = "封装库来自淘宝 ID：黄晶宝石"; VariantName = "[No Variations]"
Add component (AddParameter): Name = "联系售后"; Value = "最新版本发布https://item.taobao.com/item.htm?id=566775463719"; VariantName = "[No Variations]"
Added Component: Designator=Q5(SOT23-3N)
Add component (AddParameter): Name = "BOM名称"; Value = "高频放大-NPN型"; VariantName = "[No Variations]"
Add component (AddParameter): Name = "属性"; Value = "40V 1.5A 1W 100MHZ"; VariantName = "[No Variations]"
Add component (AddParameter): Name = "版权归属"; Value = "封装库来自淘宝 ID：黄晶宝石"; VariantName = "[No Variations]"
Add component (AddParameter): Name = "联系售后"; Value = "最新版本发布https://item.taobao.com/item.htm?id=566775463719"; VariantName = "[No Variations]"
Added Component: Designator=R1(R 0805_L)
Add component (AddParameter): Name = "BOM名称"; Value = "贴片电阻"; VariantName = "[No Variations]"
Add component (AddParameter): Name = "封装库来自淘宝卖家 ID：黄晶宝石"; Value = "其他店铺购入均为盗版，不享受售后技术支持服务，请立即申请退款"; VariantName = "[No Variations]"
Add component (AddParameter): Name = "版权归属"; Value = "来自淘宝 ID：黄晶宝石"; VariantName = "[No Variations]"
Add component (AddParameter): Name = "联系售后"; Value = "https://item.taobao.com/item.htm?id=566775463719"; VariantName = "[No Variations]"
Added Component: Designator=R2(R 0805_L)
Add component (AddParameter): Name = "BOM名称"; Value = "贴片电阻"; VariantName = "[No Variations]"
Add component (AddParameter): Name = "封装库来自淘宝卖家 ID：黄晶宝石"; Value = "其他店铺购入均为盗版，不享受售后技术支持服务，请立即申请退款"; VariantName = "[No Variations]"
Add component (AddParameter): Name = "版权归属"; Value = "来自淘宝 ID：黄晶宝石"; VariantName = "[No Variations]"
Add component (AddParameter): Name = "联系售后"; Value = "https://item.taobao.com/item.htm?id=566775463719"; VariantName = "[No Variations]"
Added Component: Designator=R3(R 0805_L)
Add component (AddParameter): Name = "BOM名称"; Value = "贴片电阻"; VariantName = "[No Variations]"
Add component (AddParameter): Name = "封装库来自淘宝卖家 ID：黄晶宝石"; Value = "其他店铺购入均为盗版，不享受售后技术支持服务，请立即申请退款"; VariantName = "[No Variations]"
Add component (AddParameter): Name = "版权归属"; Value = "来自淘宝 ID：黄晶宝石"; VariantName = "[No Variations]"
Add component (AddParameter): Name = "联系售后"; Value = "https://item.taobao.com/item.htm?id=566775463719"; VariantName = "[No Variations]"
Added Component: Designator=R4(R 0805_L)
Add component (AddParameter): Name = "BOM名称"; Value = "贴片电阻"; VariantName = "[No Variations]"
Add component (AddParameter): Name = "封装库来自淘宝卖家 ID：黄晶宝石"; Value = "其他店铺购入均为盗版，不享受售后技术支持服务，请立即申请退款"; VariantName = "[No Variations]"
Add component (AddParameter): Name = "版权归属"; Value = "来自淘宝 ID：黄晶宝石"; VariantName = "[No Variations]"
Add component (AddParameter): Name = "联系售后"; Value = "https://item.taobao.com/item.htm?id=566775463719"; VariantName = "[No Variations]"
Added Component: Designator=R5(R 0805_L)
Add component (AddParameter): Name = "BOM名称"; Value = "贴片电阻"; VariantName = "[No Variations]"
Add component (AddParameter): Name = "封装库来自淘宝卖家 ID：黄晶宝石"; Value = "其他店铺购入均为盗版，不享受售后技术支持服务，请立即申请退款"; VariantName = "[No Variations]"
Add component (AddParameter): Name = "版权归属"; Value = "来自淘宝 ID：黄晶宝石"; VariantName = "[No Variations]"
Add component (AddParameter): Name = "联系售后"; Value = "https://item.taobao.com/item.htm?id=566775463719"; VariantName = "[No Variations]"
Added Component: Designator=R6(R 0805_L)
Add component (AddParameter): Name = "BOM名称"; Value = "贴片电阻"; VariantName = "[No Variations]"
Add component (AddParameter): Name = "封装库来自淘宝卖家 ID：黄晶宝石"; Value = "其他店铺购入均为盗版，不享受售后技术支持服务，请立即申请退款"; VariantName = "[No Variations]"
Add component (AddParameter): Name = "版权归属"; Value = "来自淘宝 ID：黄晶宝石"; VariantName = "[No Variations]"
Add component (AddParameter): Name = "联系售后"; Value = "https://item.taobao.com/item.htm?id=566775463719"; VariantName = "[No Variations]"
Added Component: Designator=R7(R 0805_L)
Add component (AddParameter): Name = "BOM名称"; Value = "贴片电阻"; VariantName = "[No Variations]"
Add component (AddParameter): Name = "封装库来自淘宝卖家 ID：黄晶宝石"; Value = "其他店铺购入均为盗版，不享受售后技术支持服务，请立即申请退款"; VariantName = "[No Variations]"
Add component (AddParameter): Name = "版权归属"; Value = "来自淘宝 ID：黄晶宝石"; VariantName = "[No Variations]"
Add component (AddParameter): Name = "联系售后"; Value = "https://item.taobao.com/item.htm?id=566775463719"; VariantName = "[No Variations]"
Added Component: Designator=R8(R 0805_L)
Add component (AddParameter): Name = "BOM名称"; Value = "贴片电阻"; VariantName = "[No Variations]"
Add component (AddParameter): Name = "封装库来自淘宝卖家 ID：黄晶宝石"; Value = "其他店铺购入均为盗版，不享受售后技术支持服务，请立即申请退款"; VariantName = "[No Variations]"
Add component (AddParameter): Name = "版权归属"; Value = "来自淘宝 ID：黄晶宝石"; VariantName = "[No Variations]"
Add component (AddParameter): Name = "联系售后"; Value = "https://item.taobao.com/item.htm?id=566775463719"; VariantName = "[No Variations]"
Added Component: Designator=R9(R 0805_L)
Add component (AddParameter): Name = "BOM名称"; Value = "贴片电阻"; VariantName = "[No Variations]"
Add component (AddParameter): Name = "封装库来自淘宝卖家 ID：黄晶宝石"; Value = "其他店铺购入均为盗版，不享受售后技术支持服务，请立即申请退款"; VariantName = "[No Variations]"
Add component (AddParameter): Name = "版权归属"; Value = "来自淘宝 ID：黄晶宝石"; VariantName = "[No Variations]"
Add component (AddParameter): Name = "联系售后"; Value = "https://item.taobao.com/item.htm?id=566775463719"; VariantName = "[No Variations]"
Added Component: Designator=R10(R 0805_L)
Add component (AddParameter): Name = "BOM名称"; Value = "贴片电阻"; VariantName = "[No Variations]"
Add component (AddParameter): Name = "封装库来自淘宝卖家 ID：黄晶宝石"; Value = "其他店铺购入均为盗版，不享受售后技术支持服务，请立即申请退款"; VariantName = "[No Variations]"
Add component (AddParameter): Name = "版权归属"; Value = "来自淘宝 ID：黄晶宝石"; VariantName = "[No Variations]"
Add component (AddParameter): Name = "联系售后"; Value = "https://item.taobao.com/item.htm?id=566775463719"; VariantName = "[No Variations]"
Added Component: Designator=R11(R 0805_L)
Add component (AddParameter): Name = "BOM名称"; Value = "贴片电阻"; VariantName = "[No Variations]"
Add component (AddParameter): Name = "封装库来自淘宝卖家 ID：黄晶宝石"; Value = "其他店铺购入均为盗版，不享受售后技术支持服务，请立即申请退款"; VariantName = "[No Variations]"
Add component (AddParameter): Name = "版权归属"; Value = "来自淘宝 ID：黄晶宝石"; VariantName = "[No Variations]"
Add component (AddParameter): Name = "联系售后"; Value = "https://item.taobao.com/item.htm?id=566775463719"; VariantName = "[No Variations]"
Added Component: Designator=R12(R 0805_L)
Add component (AddParameter): Name = "BOM名称"; Value = "贴片电阻"; VariantName = "[No Variations]"
Add component (AddParameter): Name = "封装库来自淘宝卖家 ID：黄晶宝石"; Value = "其他店铺购入均为盗版，不享受售后技术支持服务，请立即申请退款"; VariantName = "[No Variations]"
Add component (AddParameter): Name = "版权归属"; Value = "来自淘宝 ID：黄晶宝石"; VariantName = "[No Variations]"
Add component (AddParameter): Name = "联系售后"; Value = "https://item.taobao.com/item.htm?id=566775463719"; VariantName = "[No Variations]"
Added Component: Designator=R13(R 0805_L)
Add component (AddParameter): Name = "BOM名称"; Value = "贴片电阻"; VariantName = "[No Variations]"
Add component (AddParameter): Name = "封装库来自淘宝卖家 ID：黄晶宝石"; Value = "其他店铺购入均为盗版，不享受售后技术支持服务，请立即申请退款"; VariantName = "[No Variations]"
Add component (AddParameter): Name = "版权归属"; Value = "来自淘宝 ID：黄晶宝石"; VariantName = "[No Variations]"
Add component (AddParameter): Name = "联系售后"; Value = "https://item.taobao.com/item.htm?id=566775463719"; VariantName = "[No Variations]"
Added Component: Designator=R14(R 0805_L)
Add component (AddParameter): Name = "BOM名称"; Value = "贴片电阻"; VariantName = "[No Variations]"
Add component (AddParameter): Name = "封装库来自淘宝卖家 ID：黄晶宝石"; Value = "其他店铺购入均为盗版，不享受售后技术支持服务，请立即申请退款"; VariantName = "[No Variations]"
Add component (AddParameter): Name = "版权归属"; Value = "来自淘宝 ID：黄晶宝石"; VariantName = "[No Variations]"
Add component (AddParameter): Name = "联系售后"; Value = "https://item.taobao.com/item.htm?id=566775463719"; VariantName = "[No Variations]"
Added Component: Designator=R15(R 0805_L)
Add component (AddParameter): Name = "BOM名称"; Value = "贴片电阻"; VariantName = "[No Variations]"
Add component (AddParameter): Name = "封装库来自淘宝卖家 ID：黄晶宝石"; Value = "其他店铺购入均为盗版，不享受售后技术支持服务，请立即申请退款"; VariantName = "[No Variations]"
Add component (AddParameter): Name = "版权归属"; Value = "来自淘宝 ID：黄晶宝石"; VariantName = "[No Variations]"
Add component (AddParameter): Name = "联系售后"; Value = "https://item.taobao.com/item.htm?id=566775463719"; VariantName = "[No Variations]"
Added Component: Designator=R16(R 0805_L)
Add component (AddParameter): Name = "BOM名称"; Value = "贴片电阻"; VariantName = "[No Variations]"
Add component (AddParameter): Name = "封装库来自淘宝卖家 ID：黄晶宝石"; Value = "其他店铺购入均为盗版，不享受售后技术支持服务，请立即申请退款"; VariantName = "[No Variations]"
Add component (AddParameter): Name = "版权归属"; Value = "来自淘宝 ID：黄晶宝石"; VariantName = "[No Variations]"
Add component (AddParameter): Name = "联系售后"; Value = "https://item.taobao.com/item.htm?id=566775463719"; VariantName = "[No Variations]"
Added Component: Designator=R17(R 0805_L)
Add component (AddParameter): Name = "BOM名称"; Value = "贴片电阻"; VariantName = "[No Variations]"
Add component (AddParameter): Name = "封装库来自淘宝卖家 ID：黄晶宝石"; Value = "其他店铺购入均为盗版，不享受售后技术支持服务，请立即申请退款"; VariantName = "[No Variations]"
Add component (AddParameter): Name = "版权归属"; Value = "来自淘宝 ID：黄晶宝石"; VariantName = "[No Variations]"
Add component (AddParameter): Name = "联系售后"; Value = "https://item.taobao.com/item.htm?id=566775463719"; VariantName = "[No Variations]"
Added Component: Designator=R18(R 0805_L)
Add component (AddParameter): Name = "BOM名称"; Value = "贴片电阻"; VariantName = "[No Variations]"
Add component (AddParameter): Name = "封装库来自淘宝卖家 ID：黄晶宝石"; Value = "其他店铺购入均为盗版，不享受售后技术支持服务，请立即申请退款"; VariantName = "[No Variations]"
Add component (AddParameter): Name = "版权归属"; Value = "来自淘宝 ID：黄晶宝石"; VariantName = "[No Variations]"
Add component (AddParameter): Name = "联系售后"; Value = "https://item.taobao.com/item.htm?id=566775463719"; VariantName = "[No Variations]"
Added Component: Designator=R19(R 0805_L)
Add component (AddParameter): Name = "BOM名称"; Value = "贴片电阻"; VariantName = "[No Variations]"
Add component (AddParameter): Name = "封装库来自淘宝卖家 ID：黄晶宝石"; Value = "其他店铺购入均为盗版，不享受售后技术支持服务，请立即申请退款"; VariantName = "[No Variations]"
Add component (AddParameter): Name = "版权归属"; Value = "来自淘宝 ID：黄晶宝石"; VariantName = "[No Variations]"
Add component (AddParameter): Name = "联系售后"; Value = "https://item.taobao.com/item.htm?id=566775463719"; VariantName = "[No Variations]"
Added Component: Designator=R20(R 0805_L)
Add component (AddParameter): Name = "BOM名称"; Value = "贴片电阻"; VariantName = "[No Variations]"
Add component (AddParameter): Name = "封装库来自淘宝卖家 ID：黄晶宝石"; Value = "其他店铺购入均为盗版，不享受售后技术支持服务，请立即申请退款"; VariantName = "[No Variations]"
Add component (AddParameter): Name = "版权归属"; Value = "来自淘宝 ID：黄晶宝石"; VariantName = "[No Variations]"
Add component (AddParameter): Name = "联系售后"; Value = "https://item.taobao.com/item.htm?id=566775463719"; VariantName = "[No Variations]"
Added Component: Designator=R21(R 0805_L)
Add component (AddParameter): Name = "BOM名称"; Value = "贴片电阻"; VariantName = "[No Variations]"
Add component (AddParameter): Name = "封装库来自淘宝卖家 ID：黄晶宝石"; Value = "其他店铺购入均为盗版，不享受售后技术支持服务，请立即申请退款"; VariantName = "[No Variations]"
Add component (AddParameter): Name = "版权归属"; Value = "来自淘宝 ID：黄晶宝石"; VariantName = "[No Variations]"
Add component (AddParameter): Name = "联系售后"; Value = "https://item.taobao.com/item.htm?id=566775463719"; VariantName = "[No Variations]"
Added Component: Designator=R22(R 0805_L)
Add component (AddParameter): Name = "BOM名称"; Value = "贴片电阻"; VariantName = "[No Variations]"
Add component (AddParameter): Name = "封装库来自淘宝卖家 ID：黄晶宝石"; Value = "其他店铺购入均为盗版，不享受售后技术支持服务，请立即申请退款"; VariantName = "[No Variations]"
Add component (AddParameter): Name = "版权归属"; Value = "来自淘宝 ID：黄晶宝石"; VariantName = "[No Variations]"
Add component (AddParameter): Name = "联系售后"; Value = "https://item.taobao.com/item.htm?id=566775463719"; VariantName = "[No Variations]"
Added Component: Designator=R23(R 0805_L)
Add component (AddParameter): Name = "BOM名称"; Value = "贴片电阻"; VariantName = "[No Variations]"
Add component (AddParameter): Name = "封装库来自淘宝卖家 ID：黄晶宝石"; Value = "其他店铺购入均为盗版，不享受售后技术支持服务，请立即申请退款"; VariantName = "[No Variations]"
Add component (AddParameter): Name = "版权归属"; Value = "来自淘宝 ID：黄晶宝石"; VariantName = "[No Variations]"
Add component (AddParameter): Name = "联系售后"; Value = "https://item.taobao.com/item.htm?id=566775463719"; VariantName = "[No Variations]"
Added Component: Designator=R24(R 0805_L)
Add component (AddParameter): Name = "BOM名称"; Value = "贴片电阻"; VariantName = "[No Variations]"
Add component (AddParameter): Name = "封装库来自淘宝卖家 ID：黄晶宝石"; Value = "其他店铺购入均为盗版，不享受售后技术支持服务，请立即申请退款"; VariantName = "[No Variations]"
Add component (AddParameter): Name = "版权归属"; Value = "来自淘宝 ID：黄晶宝石"; VariantName = "[No Variations]"
Add component (AddParameter): Name = "联系售后"; Value = "https://item.taobao.com/item.htm?id=566775463719"; VariantName = "[No Variations]"
Added Component: Designator=R25(R 0805_L)
Add component (AddParameter): Name = "BOM名称"; Value = "贴片电阻"; VariantName = "[No Variations]"
Add component (AddParameter): Name = "封装库来自淘宝卖家 ID：黄晶宝石"; Value = "其他店铺购入均为盗版，不享受售后技术支持服务，请立即申请退款"; VariantName = "[No Variations]"
Add component (AddParameter): Name = "版权归属"; Value = "来自淘宝 ID：黄晶宝石"; VariantName = "[No Variations]"
Add component (AddParameter): Name = "联系售后"; Value = "https://item.taobao.com/item.htm?id=566775463719"; VariantName = "[No Variations]"
Added Component: Designator=R26(R 0805_L)
Add component (AddParameter): Name = "BOM名称"; Value = "贴片电阻"; VariantName = "[No Variations]"
Add component (AddParameter): Name = "封装库来自淘宝卖家 ID：黄晶宝石"; Value = "其他店铺购入均为盗版，不享受售后技术支持服务，请立即申请退款"; VariantName = "[No Variations]"
Add component (AddParameter): Name = "版权归属"; Value = "来自淘宝 ID：黄晶宝石"; VariantName = "[No Variations]"
Add component (AddParameter): Name = "联系售后"; Value = "https://item.taobao.com/item.htm?id=566775463719"; VariantName = "[No Variations]"
Added Component: Designator=R27(R 0805_L)
Add component (AddParameter): Name = "BOM名称"; Value = "贴片电阻"; VariantName = "[No Variations]"
Add component (AddParameter): Name = "封装库来自淘宝卖家 ID：黄晶宝石"; Value = "其他店铺购入均为盗版，不享受售后技术支持服务，请立即申请退款"; VariantName = "[No Variations]"
Add component (AddParameter): Name = "版权归属"; Value = "来自淘宝 ID：黄晶宝石"; VariantName = "[No Variations]"
Add component (AddParameter): Name = "联系售后"; Value = "https://item.taobao.com/item.htm?id=566775463719"; VariantName = "[No Variations]"
Added Component: Designator=R28(R 0805_L)
Add component (AddParameter): Name = "BOM名称"; Value = "贴片电阻"; VariantName = "[No Variations]"
Add component (AddParameter): Name = "封装库来自淘宝卖家 ID：黄晶宝石"; Value = "其他店铺购入均为盗版，不享受售后技术支持服务，请立即申请退款"; VariantName = "[No Variations]"
Add component (AddParameter): Name = "版权归属"; Value = "来自淘宝 ID：黄晶宝石"; VariantName = "[No Variations]"
Add component (AddParameter): Name = "联系售后"; Value = "https://item.taobao.com/item.htm?id=566775463719"; VariantName = "[No Variations]"
Added Component: Designator=R29(R 0805_L)
Add component (AddParameter): Name = "BOM名称"; Value = "贴片电阻"; VariantName = "[No Variations]"
Add component (AddParameter): Name = "封装库来自淘宝卖家 ID：黄晶宝石"; Value = "其他店铺购入均为盗版，不享受售后技术支持服务，请立即申请退款"; VariantName = "[No Variations]"
Add component (AddParameter): Name = "版权归属"; Value = "来自淘宝 ID：黄晶宝石"; VariantName = "[No Variations]"
Add component (AddParameter): Name = "联系售后"; Value = "https://item.taobao.com/item.htm?id=566775463719"; VariantName = "[No Variations]"
Added Component: Designator=R30(R 0805_L)
Add component (AddParameter): Name = "BOM名称"; Value = "贴片电阻"; VariantName = "[No Variations]"
Add component (AddParameter): Name = "封装库来自淘宝卖家 ID：黄晶宝石"; Value = "其他店铺购入均为盗版，不享受售后技术支持服务，请立即申请退款"; VariantName = "[No Variations]"
Add component (AddParameter): Name = "版权归属"; Value = "来自淘宝 ID：黄晶宝石"; VariantName = "[No Variations]"
Add component (AddParameter): Name = "联系售后"; Value = "https://item.taobao.com/item.htm?id=566775463719"; VariantName = "[No Variations]"
Added Component: Designator=R31(R 0805_L)
Add component (AddParameter): Name = "BOM名称"; Value = "贴片电阻"; VariantName = "[No Variations]"
Add component (AddParameter): Name = "封装库来自淘宝卖家 ID：黄晶宝石"; Value = "其他店铺购入均为盗版，不享受售后技术支持服务，请立即申请退款"; VariantName = "[No Variations]"
Add component (AddParameter): Name = "版权归属"; Value = "来自淘宝 ID：黄晶宝石"; VariantName = "[No Variations]"
Add component (AddParameter): Name = "联系售后"; Value = "https://item.taobao.com/item.htm?id=566775463719"; VariantName = "[No Variations]"
Added Component: Designator=S1(SS12D00G3)
Added Component: Designator=Sen1(MQ2底座)
Added Component: Designator=T1(TFT底座)
Added Component: Designator=U1(SOP-16_L10.0-W3.9-P1.27-LS6.0-BL)
Add component (AddParameter): Name = "Add into BOM"; Value = "yes"; VariantName = "[No Variations]"
Add component (AddParameter): Name = "CH340C"; Value = "CH340C"; VariantName = "[No Variations]"
Add component (AddParameter): Name = "Convert to PCB"; Value = "yes"; VariantName = "[No Variations]"
Add component (AddParameter): Name = "Data Rate"; Value = "2Mbps"; VariantName = "[No Variations]"
Add component (AddParameter): Name = "Datasheet"; Value = "https://atta.szlcsc.com/upload/public/pdf/source/20200819/C84681_ADBED554CE321879DBD6B1D06488689C.pdf"; VariantName = "[No Variations]"
Add component (AddParameter): Name = "Device"; Value = "CH340C"; VariantName = "[No Variations]"
Add component (AddParameter): Name = "JLCPCB Part Class"; Value = "Extended Part"; VariantName = "[No Variations]"
Add component (AddParameter): Name = "LCSC Part Name"; Value = "CH340C"; VariantName = "[No Variations]"
Add component (AddParameter): Name = "Manufacturer"; Value = "WCH(南京沁恒)"; VariantName = "[No Variations]"
Add component (AddParameter): Name = "Manufacturer Part"; Value = "CH340C"; VariantName = "[No Variations]"
Add component (AddParameter): Name = "Number of Drivers/Receivers"; Value = "-"; VariantName = "[No Variations]"
Add component (AddParameter): Name = "Protocol"; Value = "USB 2.0"; VariantName = "[No Variations]"
Add component (AddParameter): Name = "Supplier"; Value = "LCSC"; VariantName = "[No Variations]"
Add component (AddParameter): Name = "Supplier Footprint"; Value = "SOP-16_150mil"; VariantName = "[No Variations]"
Add component (AddParameter): Name = "Supplier Part"; Value = "C84681"; VariantName = "[No Variations]"
Add component (AddParameter): Name = "Supply Voltage"; Value = "3.3V, 5V"; VariantName = "[No Variations]"
Add component (AddParameter): Name = "Symbol"; Value = "CH340C"; VariantName = "[No Variations]"
Add component (AddParameter): Name = "Type"; Value = "Transceiver"; VariantName = "[No Variations]"
Added Component: Designator=U2(SOT-223-3_L6.5-W3.4-P2.30-LS7.0-BR)
Add component (AddParameter): Name = "Add into BOM"; Value = "yes"; VariantName = "[No Variations]"
Add component (AddParameter): Name = "AMS1117"; Value = "AMS1117-3.3"; VariantName = "[No Variations]"
Add component (AddParameter): Name = "Convert to PCB"; Value = "yes"; VariantName = "[No Variations]"
Add component (AddParameter): Name = "Datasheet"; Value = "https://atta.szlcsc.com/upload/public/pdf/source/20180727/C6186_7A095716F0823C02F1997A905E26C086.pdf"; VariantName = "[No Variations]"
Add component (AddParameter): Name = "Device"; Value = "AMS1117-3.3_C6186"; VariantName = "[No Variations]"
Add component (AddParameter): Name = "Dropout Voltage"; Value = "1.3V@(800mA)"; VariantName = "[No Variations]"
Add component (AddParameter): Name = "Feature"; Value = "-"; VariantName = "[No Variations]"
Add component (AddParameter): Name = "JLCPCB Part Class"; Value = "Basic Part"; VariantName = "[No Variations]"
Add component (AddParameter): Name = "LCSC Part Name"; Value = "正 Vout=3.3V 1A 72dB@(120Hz)"; VariantName = "[No Variations]"
Add component (AddParameter): Name = "Manufacturer"; Value = "AMS"; VariantName = "[No Variations]"
Add component (AddParameter): Name = "Manufacturer Part"; Value = "AMS1117-3.3"; VariantName = "[No Variations]"
Add component (AddParameter): Name = "Maximum Input Voltage"; Value = "-"; VariantName = "[No Variations]"
Add component (AddParameter): Name = "Noise"; Value = "-"; VariantName = "[No Variations]"
Add component (AddParameter): Name = "Number of Outputs"; Value = "1"; VariantName = "[No Variations]"
Add component (AddParameter): Name = "Operating Temperature"; Value = "-"; VariantName = "[No Variations]"
Add component (AddParameter): Name = "Output Current"; Value = "1A"; VariantName = "[No Variations]"
Add component (AddParameter): Name = "Output Polarity"; Value = "正"; VariantName = "[No Variations]"
Add component (AddParameter): Name = "Output Type"; Value = "固定"; VariantName = "[No Variations]"
Add component (AddParameter): Name = "Output Voltage"; Value = "3.3V"; VariantName = "[No Variations]"
Add component (AddParameter): Name = "Power Supply Rejection Ratio (PSRR)"; Value = "72dB@(120Hz)"; VariantName = "[No Variations]"
Add component (AddParameter): Name = "Quiescent Current (Ground Current)"; Value = "-"; VariantName = "[No Variations]"
Add component (AddParameter): Name = "Supplier"; Value = "LCSC"; VariantName = "[No Variations]"
Add component (AddParameter): Name = "Supplier Footprint"; Value = "SOT-223"; VariantName = "[No Variations]"
Add component (AddParameter): Name = "Supplier Part"; Value = "C6186"; VariantName = "[No Variations]"
Add component (AddParameter): Name = "Symbol"; Value = "AMS1117-3.3"; VariantName = "[No Variations]"
Added Component: Designator=U3(LQFP48_N)
Add component (AddParameter): Name = "ComponentLink1Description"; Value = "Manufacturer URL"; VariantName = "[No Variations]"
Add component (AddParameter): Name = "ComponentLink1URL"; Value = "http://www.st.com/"; VariantName = "[No Variations]"
Add component (AddParameter): Name = "ComponentLink2Description"; Value = "STM32F103 Datasheet"; VariantName = "[No Variations]"
Add component (AddParameter): Name = "ComponentLink2URL"; Value = "http://www.st.com/internet/com/TECHNICAL_RESOURCES/TECHNICAL_LITERATURE/DATASHEET/CD00161566.pdf"; VariantName = "[No Variations]"
Add component (AddParameter): Name = "ComponentLink3Description"; Value = "STM32 Family Web Page"; VariantName = "[No Variations]"
Add component (AddParameter): Name = "ComponentLink3URL"; Value = "www.st.com/stm32"; VariantName = "[No Variations]"
Add component (AddParameter): Name = "DatasheetVersion"; Value = "rev13.0, Apr-2011"; VariantName = "[No Variations]"
Add component (AddParameter): Name = "PackageDescription"; Value = "48-Pin Low-Profile Quad Flat Pack, 7 x 7 mm Body, 0.5 mm Pitch (LQFP48)"; VariantName = "[No Variations]"
Add component (AddParameter): Name = "PackageReference"; Value = "LQFP48"; VariantName = "[No Variations]"
Add component (AddParameter): Name = "PackageVersion"; Value = "rev13, Apr-2011"; VariantName = "[No Variations]"
Add component (AddParameter): Name = "联系售后"; Value = "https://shop463601444.taobao.com"; VariantName = "[No Variations]"
Added Component: Designator=U4(WIFIM-SMD_ESP-12F-ESP8266MOD)
Add component (AddParameter): Name = "Add into BOM"; Value = "yes"; VariantName = "[No Variations]"
Add component (AddParameter): Name = "Antenna Type"; Value = "PCB 板载天线"; VariantName = "[No Variations]"
Add component (AddParameter): Name = "Convert to PCB"; Value = "yes"; VariantName = "[No Variations]"
Add component (AddParameter): Name = "Core Processor"; Value = "ESP8266"; VariantName = "[No Variations]"
Add component (AddParameter): Name = "Datasheet"; Value = "https://atta.szlcsc.com/upload/public/pdf/source/20210219/C82891_ABD84A460F4F056A2757267CCCA4B508.pdf"; VariantName = "[No Variations]"
Add component (AddParameter): Name = "Device"; Value = "ESP-12F(ESP8266MOD)"; VariantName = "[No Variations]"
Add component (AddParameter): Name = "ESP"; Value = "ESP12F"; VariantName = "[No Variations]"
Add component (AddParameter): Name = "JLCPCB Part Class"; Value = "Extended Part"; VariantName = "[No Variations]"
Add component (AddParameter): Name = "LCSC Part Name"; Value = "ESP-12F(ESP8266MOD)"; VariantName = "[No Variations]"
Add component (AddParameter): Name = "Manufacturer"; Value = "Ai-Thinker(安信可)"; VariantName = "[No Variations]"
Add component (AddParameter): Name = "Manufacturer Part"; Value = "ESP-12F(ESP8266MOD)"; VariantName = "[No Variations]"
Add component (AddParameter): Name = "Operating Temperature"; Value = "-40℃~+85℃"; VariantName = "[No Variations]"
Add component (AddParameter): Name = "Operating Voltage"; Value = "3.3V"; VariantName = "[No Variations]"
Add component (AddParameter): Name = "Output Power"; Value = "16dBm"; VariantName = "[No Variations]"
Add component (AddParameter): Name = "Receive  Current"; Value = "120mA"; VariantName = "[No Variations]"
Add component (AddParameter): Name = "Send  Current"; Value = "170mA"; VariantName = "[No Variations]"
Add component (AddParameter): Name = "Sensitivity"; Value = "-90dBm"; VariantName = "[No Variations]"
Add component (AddParameter): Name = "Supplier"; Value = "LCSC"; VariantName = "[No Variations]"
Add component (AddParameter): Name = "Supplier Footprint"; Value = "SMD,16x24mm"; VariantName = "[No Variations]"
Add component (AddParameter): Name = "Supplier Part"; Value = "C82891"; VariantName = "[No Variations]"
Add component (AddParameter): Name = "Support Interface"; Value = "GPIO；UART；I2C；PWM；SPI；ADC"; VariantName = "[No Variations]"
Add component (AddParameter): Name = "Symbol"; Value = "ESP-12F(ESP8266MOD)"; VariantName = "[No Variations]"
Add component (AddParameter): Name = "Value"; Value = "2.4GHz"; VariantName = "[No Variations]"
Add component (AddParameter): Name = "Wireless Standard"; Value = "802.11b/g/n"; VariantName = "[No Variations]"
Added Component: Designator=U5(SOIC8_N)
Added Component: Designator=USBC1(USB-C-SMD_TYPE-C-USB-5)
Add component (AddParameter): Name = "BOM_Manufacturer Part"; Value = "-"; VariantName = "[No Variations]"
Add component (AddParameter): Name = "BOM_Supplier"; Value = "LCSC"; VariantName = "[No Variations]"
Add component (AddParameter): Name = "spiceSymbolName"; Value = "TYPE-C 3.1 -16P_C168689"; VariantName = "[No Variations]"
Added Component: Designator=X1(MC-306)
Added Component: Designator=X2(OSC HC-49S)
Add component (AddParameter): Name = "BOM名称"; Value = "2脚无源脚晶振"; VariantName = "[No Variations]"
Add component (AddParameter): Name = "学习资源"; Value = "https://shop463601444.taobao.com"; VariantName = "[No Variations]"
Add component (AddParameter): Name = "版权归属"; Value = "封装库来自淘宝卖家 ID：黄晶宝石"; VariantName = "[No Variations]"
Added Pin To Net: NetName=3V3 Pin=Buzzer1-1
Added Pin To Net: NetName=3V3 Pin=C1-1
Added Pin To Net: NetName=3V3 Pin=C2-1
Added Pin To Net: NetName=3V3 Pin=C13-1
Added Pin To Net: NetName=3V3 Pin=C15-2
Added Pin To Net: NetName=3V3 Pin=C16-2
Added Pin To Net: NetName=3V3 Pin=C17-2
Added Pin To Net: NetName=3V3 Pin=C18-1
Added Pin To Net: NetName=3V3 Pin=C19-1
Added Pin To Net: NetName=3V3 Pin=C20-1
Added Pin To Net: NetName=3V3 Pin=C21-1
Added Pin To Net: NetName=3V3 Pin=C22-1
Added Pin To Net: NetName=3V3 Pin=CE1-1
Added Pin To Net: NetName=3V3 Pin=D2-2
Added Pin To Net: NetName=3V3 Pin=P3-1
Added Pin To Net: NetName=3V3 Pin=Q3-2
Added Pin To Net: NetName=3V3 Pin=R1-1
Added Pin To Net: NetName=3V3 Pin=R10-1
Added Pin To Net: NetName=3V3 Pin=R13-1
Added Pin To Net: NetName=3V3 Pin=R14-1
Added Pin To Net: NetName=3V3 Pin=R15-1
Added Pin To Net: NetName=3V3 Pin=R16-1
Added Pin To Net: NetName=3V3 Pin=R17-1
Added Pin To Net: NetName=3V3 Pin=R18-1
Added Pin To Net: NetName=3V3 Pin=R21-1
Added Pin To Net: NetName=3V3 Pin=R28-1
Added Pin To Net: NetName=3V3 Pin=R29-1
Added Pin To Net: NetName=3V3 Pin=T1-2
Added Pin To Net: NetName=3V3 Pin=U1-4
Added Pin To Net: NetName=3V3 Pin=U1-16
Added Pin To Net: NetName=3V3 Pin=U2-2
Added Pin To Net: NetName=3V3 Pin=U2-4
Added Pin To Net: NetName=3V3 Pin=U3-1
Added Pin To Net: NetName=3V3 Pin=U3-9
Added Pin To Net: NetName=3V3 Pin=U3-24
Added Pin To Net: NetName=3V3 Pin=U3-36
Added Pin To Net: NetName=3V3 Pin=U3-48
Added Pin To Net: NetName=3V3 Pin=U4-8
Added Pin To Net: NetName=3V3 Pin=U5-8
Added Net: Name=3V3
Added Pin To Net: NetName=5V Pin=C3-1
Added Pin To Net: NetName=5V Pin=C4-2
Added Pin To Net: NetName=5V Pin=C10-2
Added Pin To Net: NetName=5V Pin=C11-2
Added Pin To Net: NetName=5V Pin=CE2-2
Added Pin To Net: NetName=5V Pin=IC1-8
Added Pin To Net: NetName=5V Pin=R6-1
Added Pin To Net: NetName=5V Pin=S1-3
Added Pin To Net: NetName=5V Pin=Sen1-4
Added Pin To Net: NetName=5V Pin=U2-3
Added Net: Name=5V
Added Pin To Net: NetName=AO_MQ2 Pin=R19-1
Added Pin To Net: NetName=AO_MQ2 Pin=Sen1-1
Added Net: Name=AO_MQ2
Added Pin To Net: NetName=BOOT0 Pin=R9-2
Added Pin To Net: NetName=BOOT0 Pin=R20-2
Added Pin To Net: NetName=BOOT0 Pin=U3-44
Added Net: Name=BOOT0
Added Pin To Net: NetName=BOOT1 Pin=R12-2
Added Pin To Net: NetName=BOOT1 Pin=U3-20
Added Net: Name=BOOT1
Added Pin To Net: NetName=D+ Pin=U1-5
Added Pin To Net: NetName=D+ Pin=USBC1-A6
Added Pin To Net: NetName=D+ Pin=USBC1-B6
Added Net: Name=D+
Added Pin To Net: NetName=D- Pin=U1-6
Added Pin To Net: NetName=D- Pin=USBC1-A7
Added Pin To Net: NetName=D- Pin=USBC1-B7
Added Net: Name=D-
Added Pin To Net: NetName=DTR Pin=Q1-2
Added Pin To Net: NetName=DTR Pin=R4-1
Added Pin To Net: NetName=DTR Pin=R8-2
Added Pin To Net: NetName=DTR Pin=U1-13
Added Net: Name=DTR
Added Pin To Net: NetName=EN Pin=C5-1
Added Pin To Net: NetName=EN Pin=Q4-3
Added Pin To Net: NetName=EN Pin=R14-2
Added Pin To Net: NetName=EN Pin=U4-3
Added Net: Name=EN
Added Pin To Net: NetName=GND Pin=Button1-4
Added Pin To Net: NetName=GND Pin=Button2-4
Added Pin To Net: NetName=GND Pin=Button3-4
Added Pin To Net: NetName=GND Pin=C1-2
Added Pin To Net: NetName=GND Pin=C2-2
Added Pin To Net: NetName=GND Pin=C3-2
Added Pin To Net: NetName=GND Pin=C4-1
Added Pin To Net: NetName=GND Pin=C5-2
Added Pin To Net: NetName=GND Pin=C6-2
Added Pin To Net: NetName=GND Pin=C7-2
Added Pin To Net: NetName=GND Pin=C8-2
Added Pin To Net: NetName=GND Pin=C9-2
Added Pin To Net: NetName=GND Pin=C10-1
Added Pin To Net: NetName=GND Pin=C11-1
Added Pin To Net: NetName=GND Pin=C12-1
Added Pin To Net: NetName=GND Pin=C13-2
Added Pin To Net: NetName=GND Pin=C15-1
Added Pin To Net: NetName=GND Pin=C16-1
Added Pin To Net: NetName=GND Pin=C17-1
Added Pin To Net: NetName=GND Pin=C18-2
Added Pin To Net: NetName=GND Pin=C19-2
Added Pin To Net: NetName=GND Pin=C20-2
Added Pin To Net: NetName=GND Pin=C21-2
Added Pin To Net: NetName=GND Pin=C22-2
Added Pin To Net: NetName=GND Pin=CE1-2
Added Pin To Net: NetName=GND Pin=CE2-1
Added Pin To Net: NetName=GND Pin=IC1-4
Added Pin To Net: NetName=GND Pin=LED1-2
Added Pin To Net: NetName=GND Pin=LED2-2
Added Pin To Net: NetName=GND Pin=LED3-2
Added Pin To Net: NetName=GND Pin=P3-2
Added Pin To Net: NetName=GND Pin=Q5-2
Added Pin To Net: NetName=GND Pin=R2-2
Added Pin To Net: NetName=GND Pin=R5-1
Added Pin To Net: NetName=GND Pin=R12-1
Added Pin To Net: NetName=GND Pin=R20-1
Added Pin To Net: NetName=GND Pin=R23-2
Added Pin To Net: NetName=GND Pin=R25-1
Added Pin To Net: NetName=GND Pin=R31-2
Added Pin To Net: NetName=GND Pin=Sen1-3
Added Pin To Net: NetName=GND Pin=T1-1
Added Pin To Net: NetName=GND Pin=U1-1
Added Pin To Net: NetName=GND Pin=U2-1
Added Pin To Net: NetName=GND Pin=U3-8
Added Pin To Net: NetName=GND Pin=U3-23
Added Pin To Net: NetName=GND Pin=U3-35
Added Pin To Net: NetName=GND Pin=U3-47
Added Pin To Net: NetName=GND Pin=U4-9
Added Pin To Net: NetName=GND Pin=U5-1
Added Pin To Net: NetName=GND Pin=U5-2
Added Pin To Net: NetName=GND Pin=U5-3
Added Pin To Net: NetName=GND Pin=U5-4
Added Pin To Net: NetName=GND Pin=U5-7
Added Pin To Net: NetName=GND Pin=USBC1-A1
Added Pin To Net: NetName=GND Pin=USBC1-A12
Added Pin To Net: NetName=GND Pin=USBC1-B1
Added Pin To Net: NetName=GND Pin=USBC1-B12
Added Net: Name=GND
Added Pin To Net: NetName=GPIO0 Pin=Q1-3
Added Pin To Net: NetName=GPIO0 Pin=R16-2
Added Pin To Net: NetName=GPIO0 Pin=U4-12
Added Net: Name=GPIO0
Added Pin To Net: NetName=GPIO2 Pin=R15-2
Added Pin To Net: NetName=GPIO2 Pin=U4-11
Added Net: Name=GPIO2
Added Pin To Net: NetName=GPIO15 Pin=R25-2
Added Pin To Net: NetName=GPIO15 Pin=U4-10
Added Net: Name=GPIO15
Added Pin To Net: NetName=NetButton1_2 Pin=Button1-2
Added Pin To Net: NetName=NetButton1_2 Pin=R10-2
Added Net: Name=NetButton1_2
Added Pin To Net: NetName=NetButton2_2 Pin=Button2-2
Added Pin To Net: NetName=NetButton2_2 Pin=R13-2
Added Net: Name=NetButton2_2
Added Pin To Net: NetName=NetButton3_2 Pin=Button3-2
Added Pin To Net: NetName=NetButton3_2 Pin=R17-2
Added Net: Name=NetButton3_2
Added Pin To Net: NetName=NetBuzzer1_2 Pin=Buzzer1-2
Added Pin To Net: NetName=NetBuzzer1_2 Pin=D2-1
Added Pin To Net: NetName=NetBuzzer1_2 Pin=Q5-3
Added Net: Name=NetBuzzer1_2
Added Pin To Net: NetName=NetC14_2 Pin=C14-2
Added Pin To Net: NetName=NetC14_2 Pin=IC1-2
Added Pin To Net: NetName=NetC14_2 Pin=R24-1
Added Net: Name=NetC14_2
Added Pin To Net: NetName=NetD1_2 Pin=D1-2
Added Pin To Net: NetName=NetD1_2 Pin=Q2-3
Added Pin To Net: NetName=NetD1_2 Pin=R1-2
Added Net: Name=NetD1_2
Added Pin To Net: NetName=NetIC1_3 Pin=IC1-3
Added Pin To Net: NetName=NetIC1_3 Pin=R22-1
Added Net: Name=NetIC1_3
Added Pin To Net: NetName=NetLED1_1 Pin=LED1-1
Added Pin To Net: NetName=NetLED1_1 Pin=R6-2
Added Net: Name=NetLED1_1
Added Pin To Net: NetName=NetLED2_1 Pin=LED2-1
Added Pin To Net: NetName=NetLED2_1 Pin=R26-2
Added Net: Name=NetLED2_1
Added Pin To Net: NetName=NetLED3_1 Pin=LED3-1
Added Pin To Net: NetName=NetLED3_1 Pin=R27-2
Added Net: Name=NetLED3_1
Added Pin To Net: NetName=NetQ1_1 Pin=Q1-1
Added Pin To Net: NetName=NetQ1_1 Pin=R3-1
Added Net: Name=NetQ1_1
Added Pin To Net: NetName=NetQ2_1 Pin=Q2-1
Added Pin To Net: NetName=NetQ2_1 Pin=R4-2
Added Net: Name=NetQ2_1
Added Pin To Net: NetName=NetQ3_1 Pin=Q3-1
Added Pin To Net: NetName=NetQ3_1 Pin=R7-2
Added Net: Name=NetQ3_1
Added Pin To Net: NetName=NetQ3_3 Pin=Q3-3
Added Pin To Net: NetName=NetQ3_3 Pin=R9-1
Added Net: Name=NetQ3_3
Added Pin To Net: NetName=NetQ4_1 Pin=Q4-1
Added Pin To Net: NetName=NetQ4_1 Pin=R8-1
Added Net: Name=NetQ4_1
Added Pin To Net: NetName=NetQ5_1 Pin=Q5-1
Added Pin To Net: NetName=NetQ5_1 Pin=R30-2
Added Pin To Net: NetName=NetQ5_1 Pin=R31-1
Added Net: Name=NetQ5_1
Added Pin To Net: NetName=NetR2_1 Pin=R2-1
Added Pin To Net: NetName=NetR2_1 Pin=USBC1-B5
Added Net: Name=NetR2_1
Added Pin To Net: NetName=NetR5_2 Pin=R5-2
Added Pin To Net: NetName=NetR5_2 Pin=USBC1-A5
Added Net: Name=NetR5_2
Added Pin To Net: NetName=NetR19_2 Pin=R19-2
Added Pin To Net: NetName=NetR19_2 Pin=R22-2
Added Pin To Net: NetName=NetR19_2 Pin=R23-1
Added Net: Name=NetR19_2
Added Pin To Net: NetName=OSC32IN Pin=C8-1
Added Pin To Net: NetName=OSC32IN Pin=U3-3
Added Pin To Net: NetName=OSC32IN Pin=X1-1
Added Net: Name=OSC32IN
Added Pin To Net: NetName=OSC32OUT Pin=C9-1
Added Pin To Net: NetName=OSC32OUT Pin=U3-4
Added Pin To Net: NetName=OSC32OUT Pin=X1-4
Added Net: Name=OSC32OUT
Added Pin To Net: NetName=OSCIN Pin=C6-1
Added Pin To Net: NetName=OSCIN Pin=R11-2
Added Pin To Net: NetName=OSCIN Pin=U3-5
Added Pin To Net: NetName=OSCIN Pin=X2-1
Added Net: Name=OSCIN
Added Pin To Net: NetName=OSCOUT Pin=C7-1
Added Pin To Net: NetName=OSCOUT Pin=R11-1
Added Pin To Net: NetName=OSCOUT Pin=U3-6
Added Pin To Net: NetName=OSCOUT Pin=X2-2
Added Net: Name=OSCOUT
Added Pin To Net: NetName=PA1 Pin=C14-1
Added Pin To Net: NetName=PA1 Pin=IC1-1
Added Pin To Net: NetName=PA1 Pin=R24-2
Added Pin To Net: NetName=PA1 Pin=U3-11
Added Net: Name=PA1
Added Pin To Net: NetName=PA2 Pin=R30-1
Added Pin To Net: NetName=PA2 Pin=U3-12
Added Net: Name=PA2
Added Pin To Net: NetName=PA6 Pin=R26-1
Added Pin To Net: NetName=PA6 Pin=U3-16
Added Net: Name=PA6
Added Pin To Net: NetName=PA7 Pin=R27-1
Added Pin To Net: NetName=PA7 Pin=U3-17
Added Net: Name=PA7
Added Pin To Net: NetName=PA9 Pin=P1-3
Added Pin To Net: NetName=PA9 Pin=P2-1
Added Pin To Net: NetName=PA9 Pin=U3-30
Added Pin To Net: NetName=PA9 Pin=U4-15
Added Net: Name=PA9
Added Pin To Net: NetName=PA10 Pin=P1-1
Added Pin To Net: NetName=PA10 Pin=P2-3
Added Pin To Net: NetName=PA10 Pin=U3-31
Added Pin To Net: NetName=PA10 Pin=U4-16
Added Net: Name=PA10
Added Pin To Net: NetName=PB0 Pin=Button1-1
Added Pin To Net: NetName=PB0 Pin=P3-5
Added Pin To Net: NetName=PB0 Pin=U3-18
Added Net: Name=PB0
Added Pin To Net: NetName=PB1 Pin=Button2-1
Added Pin To Net: NetName=PB1 Pin=P3-4
Added Pin To Net: NetName=PB1 Pin=U3-19
Added Net: Name=PB1
Added Pin To Net: NetName=PB5 Pin=T1-5
Added Pin To Net: NetName=PB5 Pin=U3-41
Added Net: Name=PB5
Added Pin To Net: NetName=PB6 Pin=R28-2
Added Pin To Net: NetName=PB6 Pin=U3-42
Added Pin To Net: NetName=PB6 Pin=U5-6
Added Net: Name=PB6
Added Pin To Net: NetName=PB7 Pin=R29-2
Added Pin To Net: NetName=PB7 Pin=U3-43
Added Pin To Net: NetName=PB7 Pin=U5-5
Added Net: Name=PB7
Added Pin To Net: NetName=PB8 Pin=T1-6
Added Pin To Net: NetName=PB8 Pin=U3-45
Added Net: Name=PB8
Added Pin To Net: NetName=PB9 Pin=T1-8
Added Pin To Net: NetName=PB9 Pin=U3-46
Added Net: Name=PB9
Added Pin To Net: NetName=PB10 Pin=Button3-1
Added Pin To Net: NetName=PB10 Pin=P3-3
Added Pin To Net: NetName=PB10 Pin=U3-21
Added Net: Name=PB10
Added Pin To Net: NetName=PB12 Pin=T1-7
Added Pin To Net: NetName=PB12 Pin=U3-25
Added Net: Name=PB12
Added Pin To Net: NetName=PB13 Pin=T1-3
Added Pin To Net: NetName=PB13 Pin=U3-26
Added Net: Name=PB13
Added Pin To Net: NetName=PB15 Pin=T1-4
Added Pin To Net: NetName=PB15 Pin=U3-28
Added Net: Name=PB15
Added Pin To Net: NetName=RESET_ESP Pin=R18-2
Added Pin To Net: NetName=RESET_ESP Pin=U4-1
Added Net: Name=RESET_ESP
Added Pin To Net: NetName=RESET_STM Pin=C12-2
Added Pin To Net: NetName=RESET_STM Pin=D1-1
Added Pin To Net: NetName=RESET_STM Pin=R21-2
Added Pin To Net: NetName=RESET_STM Pin=U3-7
Added Net: Name=RESET_STM
Added Pin To Net: NetName=RTS Pin=Q2-2
Added Pin To Net: NetName=RTS Pin=Q4-2
Added Pin To Net: NetName=RTS Pin=R3-2
Added Pin To Net: NetName=RTS Pin=R7-1
Added Pin To Net: NetName=RTS Pin=U1-14
Added Net: Name=RTS
Added Pin To Net: NetName=RXD Pin=P2-2
Added Pin To Net: NetName=RXD Pin=U1-3
Added Net: Name=RXD
Added Pin To Net: NetName=TXD Pin=P1-2
Added Pin To Net: NetName=TXD Pin=U1-2
Added Net: Name=TXD
Added Pin To Net: NetName=VCC Pin=S1-1
Added Pin To Net: NetName=VCC Pin=USBC1-A4
Added Pin To Net: NetName=VCC Pin=USBC1-A9
Added Pin To Net: NetName=VCC Pin=USBC1-B4
Added Pin To Net: NetName=VCC Pin=USBC1-B9
Added Net: Name=VCC
Added Member To Class: ClassName=BiSheFinalA Member=Component Button1 轻触按钮
Added Member To Class: ClassName=BiSheFinalA Member=Component Button2 轻触按钮
Added Member To Class: ClassName=BiSheFinalA Member=Component Button3 轻触按钮
Added Member To Class: ClassName=BiSheFinalA Member=Component Buzzer1 小型有源蜂鸣器
Added Member To Class: ClassName=BiSheFinalA Member=Component C1 104
Added Member To Class: ClassName=BiSheFinalA Member=Component C2 104
Added Member To Class: ClassName=BiSheFinalA Member=Component C3 104
Added Member To Class: ClassName=BiSheFinalA Member=Component C4 104
Added Member To Class: ClassName=BiSheFinalA Member=Component C5 1uf
Added Member To Class: ClassName=BiSheFinalA Member=Component C6 22pf
Added Member To Class: ClassName=BiSheFinalA Member=Component C7 22pf
Added Member To Class: ClassName=BiSheFinalA Member=Component C8 22pf
Added Member To Class: ClassName=BiSheFinalA Member=Component C9 22pf
Added Member To Class: ClassName=BiSheFinalA Member=Component C10 104
Added Member To Class: ClassName=BiSheFinalA Member=Component C11 104
Added Member To Class: ClassName=BiSheFinalA Member=Component C12 1uf
Added Member To Class: ClassName=BiSheFinalA Member=Component C13 104
Added Member To Class: ClassName=BiSheFinalA Member=Component C14 104
Added Member To Class: ClassName=BiSheFinalA Member=Component C15 104
Added Member To Class: ClassName=BiSheFinalA Member=Component C16 104
Added Member To Class: ClassName=BiSheFinalA Member=Component C17 104
Added Member To Class: ClassName=BiSheFinalA Member=Component C18 104
Added Member To Class: ClassName=BiSheFinalA Member=Component C19 104
Added Member To Class: ClassName=BiSheFinalA Member=Component C20 104
Added Member To Class: ClassName=BiSheFinalA Member=Component C21 104
Added Member To Class: ClassName=BiSheFinalA Member=Component C22 104
Added Member To Class: ClassName=BiSheFinalA Member=Component CE1 470uF/16V
Added Member To Class: ClassName=BiSheFinalA Member=Component CE2 470uF/16V
Added Member To Class: ClassName=BiSheFinalA Member=Component D1 1N4148
Added Member To Class: ClassName=BiSheFinalA Member=Component D2 1N4148
Added Member To Class: ClassName=BiSheFinalA Member=Component IC1 LM358
Added Member To Class: ClassName=BiSheFinalA Member=Component LED1 绿色
Added Member To Class: ClassName=BiSheFinalA Member=Component LED2 红色
Added Member To Class: ClassName=BiSheFinalA Member=Component LED3 蓝色
Added Member To Class: ClassName=BiSheFinalA Member=Component P1 排针
Added Member To Class: ClassName=BiSheFinalA Member=Component P2 排针
Added Member To Class: ClassName=BiSheFinalA Member=Component P3 排针
Added Member To Class: ClassName=BiSheFinalA Member=Component Q1 SS8050
Added Member To Class: ClassName=BiSheFinalA Member=Component Q2 SS8050
Added Member To Class: ClassName=BiSheFinalA Member=Component Q3 SS8550
Added Member To Class: ClassName=BiSheFinalA Member=Component Q4 SS8050
Added Member To Class: ClassName=BiSheFinalA Member=Component Q5 SS8050
Added Member To Class: ClassName=BiSheFinalA Member=Component R1 10K
Added Member To Class: ClassName=BiSheFinalA Member=Component R2 5.1K
Added Member To Class: ClassName=BiSheFinalA Member=Component R3 1K
Added Member To Class: ClassName=BiSheFinalA Member=Component R4 1K
Added Member To Class: ClassName=BiSheFinalA Member=Component R5 5.1K
Added Member To Class: ClassName=BiSheFinalA Member=Component R6 1K
Added Member To Class: ClassName=BiSheFinalA Member=Component R7 1K
Added Member To Class: ClassName=BiSheFinalA Member=Component R8 1K
Added Member To Class: ClassName=BiSheFinalA Member=Component R9 1K
Added Member To Class: ClassName=BiSheFinalA Member=Component R10 10K
Added Member To Class: ClassName=BiSheFinalA Member=Component R11 1M
Added Member To Class: ClassName=BiSheFinalA Member=Component R12 10K
Added Member To Class: ClassName=BiSheFinalA Member=Component R13 10K
Added Member To Class: ClassName=BiSheFinalA Member=Component R14 10K
Added Member To Class: ClassName=BiSheFinalA Member=Component R15 10K
Added Member To Class: ClassName=BiSheFinalA Member=Component R16 10K
Added Member To Class: ClassName=BiSheFinalA Member=Component R17 10K
Added Member To Class: ClassName=BiSheFinalA Member=Component R18 10K
Added Member To Class: ClassName=BiSheFinalA Member=Component R19 470
Added Member To Class: ClassName=BiSheFinalA Member=Component R20 10K
Added Member To Class: ClassName=BiSheFinalA Member=Component R21 10K
Added Member To Class: ClassName=BiSheFinalA Member=Component R22 10K
Added Member To Class: ClassName=BiSheFinalA Member=Component R23 1K
Added Member To Class: ClassName=BiSheFinalA Member=Component R24 10K
Added Member To Class: ClassName=BiSheFinalA Member=Component R25 10K
Added Member To Class: ClassName=BiSheFinalA Member=Component R26 470
Added Member To Class: ClassName=BiSheFinalA Member=Component R27 470
Added Member To Class: ClassName=BiSheFinalA Member=Component R28 2.2K
Added Member To Class: ClassName=BiSheFinalA Member=Component R29 2.2K
Added Member To Class: ClassName=BiSheFinalA Member=Component R30 1K
Added Member To Class: ClassName=BiSheFinalA Member=Component R31 10K
Added Member To Class: ClassName=BiSheFinalA Member=Component S1 SS12D00G3
Added Member To Class: ClassName=BiSheFinalA Member=Component Sen1 MQ2底座
Added Member To Class: ClassName=BiSheFinalA Member=Component T1 TFT底座
Added Member To Class: ClassName=BiSheFinalA Member=Component U1 CH340C
Added Member To Class: ClassName=BiSheFinalA Member=Component U2 AMS1117-3.3
Added Member To Class: ClassName=BiSheFinalA Member=Component U3 STM32F103C8T6
Added Member To Class: ClassName=BiSheFinalA Member=Component U4 ESP12F
Added Member To Class: ClassName=BiSheFinalA Member=Component U5 AT24C02
Added Member To Class: ClassName=BiSheFinalA Member=Component USBC1 TYPE-C 2.0 -16P
Added Member To Class: ClassName=BiSheFinalA Member=Component X1 32.768KHZ
Added Member To Class: ClassName=BiSheFinalA Member=Component X2 8MHz
