Removed Pin From Net: NetName=5V Pin=C5-1
Removed Pin From Net: NetName=5V Pin=C25-1
Removed Pin From Net: NetName=5V Pin=CE1-1
Removed Pin From Net: NetName=5V Pin=CE4-1
Removed Pin From Net: NetName=D+ Pin=P7-2
Removed Pin From Net: NetName=D- Pin=P8-2
Removed Pin From Net: NetName=5V Pin=U1-3
Removed Pin From Net: NetName=5V Pin=U5-3
Removed Member From Class: ClassName=BiSheA Member=P8
Change Component Footprint: Designator=P7 Old Footprint=3Pin New Footprint=4PIN
Change Component Designator: OldDesignator= 1 NewDesignator=1
Added Pin To Net: NetName=5V Pin=P7-2
Added Pin To Net: NetName=5V Pin=P7-3
Added Pin To Net: NetName=D+ Pin=U2-5
Added Pin To Net: NetName=D- Pin=U2-6
Added Pin To Net: NetName=D+ Pin=U6-5
Added Pin To Net: NetName=D- Pin=U6-6
Change Net Name : Old Net Name=Net 1_1 New Net Name=Net1_1
Added Pin To Net: NetName=5V_ESP Pin=C25-1
Added Pin To Net: NetName=5V_ESP Pin=CE4-1
Added Pin To Net: NetName=5V_ESP Pin=P7-4
Added Pin To Net: NetName=5V_ESP Pin=U5-3
Added Net: Name=5V_ESP
Added Pin To Net: NetName=5V_STM Pin=C5-1
Added Pin To Net: NetName=5V_STM Pin=CE1-1
Added Pin To Net: NetName=5V_STM Pin=P7-1
Added Pin To Net: NetName=5V_STM Pin=U1-3
Added Net: Name=5V_STM
Added Member To Class: ClassName=BiSheA Member=Component 1 10K
