Change Component Designator: OldDesignator=P2 NewDesignator=P3
Change Component Designator: OldDesignator=P3 NewDesignator=P4
Change Component Designator: OldDesignator=P4 NewDesignator=P5
Change Component Designator: OldDesignator=P5 NewDesignator=P6
Change Component Designator: OldDesignator=P6 NewDesignator=P7
Change Component Designator: OldDesignator=P7 NewDesignator=P2
Change Net Name : Old Net Name=NetP2_2 New Net Name=NetP3_2
Change Net Name : Old Net Name=NetP4_2 New Net Name=NetP5_2
Change Net Name : Old Net Name=NetP6_2 New Net Name=NetP7_2
Added Member To Class: ClassName=BiSheA Member=Component +1 104
Added Member To Class: ClassName=BiSheA Member=Component 1 10K
Added Member To Class: ClassName=BiSheA Member=Component Button1 «·¥•∞¥≈•
Added Member To Class: ClassName=BiSheA Member=Component Button2 «·¥•∞¥≈•
Added Member To Class: ClassName=BiSheA Member=Component Button3 «·¥•∞¥≈•
Added Member To Class: ClassName=BiSheA Member=Component Buzzer1 –°–Õ”–‘¥∑‰√˘∆˜
Added Member To Class: ClassName=BiSheA Member=Component C1 1uf
Added Member To Class: ClassName=BiSheA Member=Component C2 104
Added Member To Class: ClassName=BiSheA Member=Component C3 104
Added Member To Class: ClassName=BiSheA Member=Component C4 104
Added Member To Class: ClassName=BiSheA Member=Component C5 104
Added Member To Class: ClassName=BiSheA Member=Component C6 104
Added Member To Class: ClassName=BiSheA Member=Component C7 22pf
Added Member To Class: ClassName=BiSheA Member=Component C8 22pf
Added Member To Class: ClassName=BiSheA Member=Component C9 22pf
Added Member To Class: ClassName=BiSheA Member=Component C10 22pf
Added Member To Class: ClassName=BiSheA Member=Component C11 104
Added Member To Class: ClassName=BiSheA Member=Component C12 104
Added Member To Class: ClassName=BiSheA Member=Component C13 104
Added Member To Class: ClassName=BiSheA Member=Component C14 104
Added Member To Class: ClassName=BiSheA Member=Component C15 104
Added Member To Class: ClassName=BiSheA Member=Component C16 104
Added Member To Class: ClassName=BiSheA Member=Component C17 104
Added Member To Class: ClassName=BiSheA Member=Component C18 104
Added Member To Class: ClassName=BiSheA Member=Component C19 104
Added Member To Class: ClassName=BiSheA Member=Component C20 104
Added Member To Class: ClassName=BiSheA Member=Component C21 104
Added Member To Class: ClassName=BiSheB Member=Component C22 104
Added Member To Class: ClassName=BiSheB Member=Component C23 104
Added Member To Class: ClassName=BiSheB Member=Component C24 104
Added Member To Class: ClassName=BiSheB Member=Component C25 104
Added Member To Class: ClassName=BiSheB Member=Component C26 1uf
Added Member To Class: ClassName=BiSheB Member=Component C27 104
Added Member To Class: ClassName=BiSheB Member=Component C28 104
Added Member To Class: ClassName=BiSheA Member=Component CE1 10uF/16V
Added Member To Class: ClassName=BiSheA Member=Component CE2 470uF/16V
Added Member To Class: ClassName=BiSheA Member=Component CE3 470uF/16V
Added Member To Class: ClassName=BiSheB Member=Component CE4 10uF/16V
Added Member To Class: ClassName=BiSheB Member=Component CE5 470uF/16V
Added Member To Class: ClassName=BiSheA Member=Component D1 1N4148
Added Member To Class: ClassName=BiSheA Member=Component D2 1N4148
Added Member To Class: ClassName=BiSheA Member=Component IC1 LM358
Added Member To Class: ClassName=BiSheA Member=Component LED1 ¬Ã…´
Added Member To Class: ClassName=BiSheA Member=Component LED2 ∫Ï…´
Added Member To Class: ClassName=BiSheA Member=Component LED3 ¿∂…´
Added Member To Class: ClassName=BiSheA Member=Component P1 ≈≈’Î
Added Member To Class: ClassName=BiSheA Member=Component P2 ≈≈’Î
Added Member To Class: ClassName=BiSheA Member=Component P3 ≈≈’Î
Added Member To Class: ClassName=BiSheA Member=Component P4 ≈≈’Î
Added Member To Class: ClassName=BiSheA Member=Component P5 ≈≈’Î
Added Member To Class: ClassName=BiSheB Member=Component P6 ≈≈’Î
Added Member To Class: ClassName=BiSheB Member=Component P7 ≈≈’Î
Added Member To Class: ClassName=BiSheA Member=Component Q1 SS8050
Added Member To Class: ClassName=BiSheA Member=Component Q2 SS8550
Added Member To Class: ClassName=BiSheA Member=Component Q3 SS8050
Added Member To Class: ClassName=BiSheB Member=Component Q4 SS8050
Added Member To Class: ClassName=BiSheB Member=Component Q5 SS8050
Added Member To Class: ClassName=BiSheA Member=Component R1 10K
Added Member To Class: ClassName=BiSheA Member=Component R2 5.1K
Added Member To Class: ClassName=BiSheA Member=Component R3 1K
Added Member To Class: ClassName=BiSheA Member=Component R4 5.1K
Added Member To Class: ClassName=BiSheA Member=Component R5 1K
Added Member To Class: ClassName=BiSheA Member=Component R6 2.2k
Added Member To Class: ClassName=BiSheA Member=Component R7 1K
Added Member To Class: ClassName=BiSheA Member=Component R8 1M
Added Member To Class: ClassName=BiSheA Member=Component R9 10K
Added Member To Class: ClassName=BiSheA Member=Component R10 10K
Added Member To Class: ClassName=BiSheA Member=Component R11 10K
Added Member To Class: ClassName=BiSheA Member=Component R12 10K
Added Member To Class: ClassName=BiSheA Member=Component R13 470
Added Member To Class: ClassName=BiSheA Member=Component R14 10K
Added Member To Class: ClassName=BiSheA Member=Component R15 10K
Added Member To Class: ClassName=BiSheA Member=Component R16 1K
Added Member To Class: ClassName=BiSheA Member=Component R17 470
Added Member To Class: ClassName=BiSheA Member=Component R18 470
Added Member To Class: ClassName=BiSheA Member=Component R19 10K
Added Member To Class: ClassName=BiSheA Member=Component R20 2.2K
Added Member To Class: ClassName=BiSheA Member=Component R21 2.2K
Added Member To Class: ClassName=BiSheA Member=Component R22 1K
Added Member To Class: ClassName=BiSheA Member=Component R23 10K
Added Member To Class: ClassName=BiSheB Member=Component R24 10K
Added Member To Class: ClassName=BiSheB Member=Component R25 10K
Added Member To Class: ClassName=BiSheB Member=Component R26 10K
Added Member To Class: ClassName=BiSheB Member=Component R27 10K
Added Member To Class: ClassName=BiSheB Member=Component R28 10K
Added Member To Class: ClassName=BiSheB Member=Component R29 10K
Added Member To Class: ClassName=BiSheB Member=Component R30 10K
Added Member To Class: ClassName=BiSheA Member=Component S1 SS12D00G3
Added Member To Class: ClassName=BiSheA Member=Component Sen1 MQ2µ◊◊˘
Added Member To Class: ClassName=BiSheA Member=Component SW1 «·¥•ø™πÿ
Added Member To Class: ClassName=BiSheB Member=Component SW2 «·¥•ø™πÿ
Added Member To Class: ClassName=BiSheA Member=Component T1 TFTµ◊◊˘
Added Member To Class: ClassName=BiSheA Member=Component U1 AMS1117-3.3
Added Member To Class: ClassName=BiSheA Member=Component U2 CH340C
Added Member To Class: ClassName=BiSheA Member=Component U3 STM32F103C8T6
Added Member To Class: ClassName=BiSheA Member=Component U4 AT24C02
Added Member To Class: ClassName=BiSheB Member=Component U5 AMS1117-3.3
Added Member To Class: ClassName=BiSheB Member=Component U6 CH340C
Added Member To Class: ClassName=BiSheB Member=Component U7 ESP12F
Added Member To Class: ClassName=BiSheA Member=Component USBC1 TYPE-C 2.0 -16P
Added Member To Class: ClassName=BiSheA Member=Component X1 32.768KHZ
Added Member To Class: ClassName=BiSheA Member=Component X2 8MHz
